{"C:\\Users\\gusta\\Desktop\\igreja-crista-renovada\\src\\App.jsx": {"path":"C:\\Users\\gusta\\Desktop\\igreja-crista-renovada\\src\\App.jsx","all":true,"statementMap":{"0":{"start":{"line":1,"column":0},"end":{"line":1,"column":52}},"1":{"start":{"line":2,"column":0},"end":{"line":2,"column":44}},"2":{"start":{"line":3,"column":0},"end":{"line":3,"column":72}},"3":{"start":{"line":4,"column":0},"end":{"line":4,"column":53}},"4":{"start":{"line":5,"column":0},"end":{"line":5,"column":62}},"5":{"start":{"line":6,"column":0},"end":{"line":6,"column":71}},"6":{"start":{"line":7,"column":0},"end":{"line":7,"column":71}},"7":{"start":{"line":8,"column":0},"end":{"line":8,"column":47}},"8":{"start":{"line":9,"column":0},"end":{"line":9,"column":47}},"9":{"start":{"line":10,"column":0},"end":{"line":10,"column":74}},"10":{"start":{"line":11,"column":0},"end":{"line":11,"column":56}},"12":{"start":{"line":13,"column":0},"end":{"line":13,"column":18}},"17":{"start":{"line":18,"column":0},"end":{"line":18,"column":16}},"18":{"start":{"line":19,"column":0},"end":{"line":19,"column":9}},"19":{"start":{"line":20,"column":0},"end":{"line":20,"column":9}},"20":{"start":{"line":21,"column":0},"end":{"line":21,"column":13}},"21":{"start":{"line":22,"column":0},"end":{"line":22,"column":16}},"22":{"start":{"line":23,"column":0},"end":{"line":23,"column":16}},"23":{"start":{"line":24,"column":0},"end":{"line":24,"column":16}},"24":{"start":{"line":25,"column":0},"end":{"line":25,"column":19}},"25":{"start":{"line":26,"column":0},"end":{"line":26,"column":16}},"26":{"start":{"line":27,"column":0},"end":{"line":27,"column":14}},"27":{"start":{"line":28,"column":0},"end":{"line":28,"column":21}},"29":{"start":{"line":30,"column":0},"end":{"line":30,"column":28}},"30":{"start":{"line":31,"column":0},"end":{"line":31,"column":26}},"31":{"start":{"line":32,"column":0},"end":{"line":32,"column":18}},"32":{"start":{"line":33,"column":0},"end":{"line":33,"column":30}},"33":{"start":{"line":34,"column":0},"end":{"line":34,"column":24}},"34":{"start":{"line":35,"column":0},"end":{"line":35,"column":33}},"35":{"start":{"line":36,"column":0},"end":{"line":36,"column":22}},"36":{"start":{"line":37,"column":0},"end":{"line":37,"column":33}},"37":{"start":{"line":38,"column":0},"end":{"line":38,"column":20}},"38":{"start":{"line":39,"column":0},"end":{"line":39,"column":25}},"39":{"start":{"line":40,"column":0},"end":{"line":40,"column":20}},"40":{"start":{"line":41,"column":0},"end":{"line":41,"column":25}},"41":{"start":{"line":42,"column":0},"end":{"line":42,"column":23}},"42":{"start":{"line":43,"column":0},"end":{"line":43,"column":34}},"43":{"start":{"line":44,"column":0},"end":{"line":44,"column":14}},"44":{"start":{"line":45,"column":0},"end":{"line":45,"column":30}},"45":{"start":{"line":46,"column":0},"end":{"line":46,"column":5}},"46":{"start":{"line":47,"column":0},"end":{"line":47,"column":3}},"48":{"start":{"line":49,"column":0},"end":{"line":49,"column":27}},"49":{"start":{"line":50,"column":0},"end":{"line":50,"column":24}},"50":{"start":{"line":51,"column":0},"end":{"line":51,"column":86}},"51":{"start":{"line":52,"column":0},"end":{"line":52,"column":89}},"53":{"start":{"line":54,"column":0},"end":{"line":54,"column":6}},"54":{"start":{"line":55,"column":0},"end":{"line":55,"column":20}},"55":{"start":{"line":56,"column":0},"end":{"line":56,"column":19}},"56":{"start":{"line":57,"column":0},"end":{"line":57,"column":7}},"59":{"start":{"line":60,"column":0},"end":{"line":60,"column":10}},"60":{"start":{"line":61,"column":0},"end":{"line":61,"column":25}},"61":{"start":{"line":62,"column":0},"end":{"line":62,"column":15}},"62":{"start":{"line":63,"column":0},"end":{"line":63,"column":19}},"63":{"start":{"line":64,"column":0},"end":{"line":64,"column":35}},"64":{"start":{"line":65,"column":0},"end":{"line":65,"column":37}},"65":{"start":{"line":66,"column":0},"end":{"line":66,"column":31}},"66":{"start":{"line":67,"column":0},"end":{"line":67,"column":28}},"67":{"start":{"line":68,"column":0},"end":{"line":68,"column":8}},"68":{"start":{"line":69,"column":0},"end":{"line":69,"column":10}},"70":{"start":{"line":71,"column":0},"end":{"line":71,"column":1}},"72":{"start":{"line":73,"column":0},"end":{"line":73,"column":18}}},"s":{"0":0,"1":0,"2":0,"3":0,"4":0,"5":0,"6":0,"7":0,"8":0,"9":0,"10":0,"12":0,"17":0,"18":0,"19":0,"20":0,"21":0,"22":0,"23":0,"24":0,"25":0,"26":0,"27":0,"29":0,"30":0,"31":0,"32":0,"33":0,"34":0,"35":0,"36":0,"37":0,"38":0,"39":0,"40":0,"41":0,"42":0,"43":0,"44":0,"45":0,"46":0,"48":0,"49":0,"50":0,"51":0,"53":0,"54":0,"55":0,"56":0,"59":0,"60":0,"61":0,"62":0,"63":0,"64":0,"65":0,"66":0,"67":0,"68":0,"70":0,"72":0},"branchMap":{"0":{"type":"branch","line":1,"loc":{"start":{"line":1,"column":0},"end":{"line":73,"column":-876}},"locations":[{"start":{"line":1,"column":0},"end":{"line":73,"column":-876}}]}},"b":{"0":[0]},"fnMap":{"0":{"name":"(empty-report)","decl":{"start":{"line":1,"column":0},"end":{"line":73,"column":-876}},"loc":{"start":{"line":1,"column":0},"end":{"line":73,"column":-876}},"line":1}},"f":{"0":0}}
,"C:\\Users\\gusta\\Desktop\\igreja-crista-renovada\\src\\main.jsx": {"path":"C:\\Users\\gusta\\Desktop\\igreja-crista-renovada\\src\\main.jsx","all":true,"statementMap":{"0":{"start":{"line":1,"column":0},"end":{"line":1,"column":34}},"1":{"start":{"line":2,"column":0},"end":{"line":2,"column":45}},"2":{"start":{"line":3,"column":0},"end":{"line":3,"column":20}},"3":{"start":{"line":4,"column":0},"end":{"line":4,"column":27}},"4":{"start":{"line":5,"column":0},"end":{"line":5,"column":54}},"6":{"start":{"line":7,"column":0},"end":{"line":7,"column":51}},"7":{"start":{"line":8,"column":0},"end":{"line":8,"column":14}},"8":{"start":{"line":9,"column":0},"end":{"line":9,"column":17}},"9":{"start":{"line":10,"column":0},"end":{"line":10,"column":13}},"10":{"start":{"line":11,"column":0},"end":{"line":11,"column":18}},"11":{"start":{"line":12,"column":0},"end":{"line":12,"column":16}},"12":{"start":{"line":13,"column":0},"end":{"line":13,"column":1}}},"s":{"0":0,"1":0,"2":0,"3":0,"4":0,"6":0,"7":0,"8":0,"9":0,"10":0,"11":0,"12":0},"branchMap":{"0":{"type":"branch","line":1,"loc":{"start":{"line":1,"column":334},"end":{"line":13,"column":1}},"locations":[{"start":{"line":1,"column":334},"end":{"line":13,"column":1}}]}},"b":{"0":[0]},"fnMap":{"0":{"name":"(empty-report)","decl":{"start":{"line":1,"column":334},"end":{"line":13,"column":1}},"loc":{"start":{"line":1,"column":334},"end":{"line":13,"column":1}},"line":1}},"f":{"0":0}}
,"C:\\Users\\gusta\\Desktop\\igreja-crista-renovada\\src\\components\\AdicionarEvento\\AdicionarEvento.jsx": {"path":"C:\\Users\\gusta\\Desktop\\igreja-crista-renovada\\src\\components\\AdicionarEvento\\AdicionarEvento.jsx","all":false,"statementMap":{"0":{"start":{"line":1,"column":0},"end":{"line":1,"column":43}},"8":{"start":{"line":9,"column":0},"end":{"line":9,"column":43}},"9":{"start":{"line":10,"column":0},"end":{"line":10,"column":9}},"10":{"start":{"line":11,"column":0},"end":{"line":11,"column":20}},"11":{"start":{"line":12,"column":0},"end":{"line":12,"column":20}},"12":{"start":{"line":13,"column":0},"end":{"line":13,"column":19}},"13":{"start":{"line":14,"column":0},"end":{"line":14,"column":17}},"14":{"start":{"line":15,"column":0},"end":{"line":15,"column":20}},"15":{"start":{"line":16,"column":0},"end":{"line":16,"column":15}},"16":{"start":{"line":17,"column":0},"end":{"line":17,"column":21}},"18":{"start":{"line":19,"column":0},"end":{"line":19,"column":48}},"19":{"start":{"line":20,"column":0},"end":{"line":20,"column":13}},"20":{"start":{"line":21,"column":0},"end":{"line":21,"column":13}},"21":{"start":{"line":22,"column":0},"end":{"line":22,"column":14}},"22":{"start":{"line":23,"column":0},"end":{"line":23,"column":13}},"23":{"start":{"line":24,"column":0},"end":{"line":24,"column":13}},"24":{"start":{"line":25,"column":0},"end":{"line":25,"column":18}},"25":{"start":{"line":26,"column":0},"end":{"line":26,"column":14}},"26":{"start":{"line":27,"column":0},"end":{"line":27,"column":4}},"29":{"start":{"line":30,"column":0},"end":{"line":30,"column":19}},"30":{"start":{"line":31,"column":0},"end":{"line":31,"column":24}},"31":{"start":{"line":32,"column":0},"end":{"line":32,"column":21}},"32":{"start":{"line":33,"column":0},"end":{"line":33,"column":17}},"33":{"start":{"line":34,"column":0},"end":{"line":34,"column":17}},"34":{"start":{"line":35,"column":0},"end":{"line":35,"column":18}},"35":{"start":{"line":36,"column":0},"end":{"line":36,"column":17}},"36":{"start":{"line":37,"column":0},"end":{"line":37,"column":17}},"37":{"start":{"line":38,"column":0},"end":{"line":38,"column":22}},"38":{"start":{"line":39,"column":0},"end":{"line":39,"column":18}},"39":{"start":{"line":40,"column":0},"end":{"line":40,"column":8}},"40":{"start":{"line":41,"column":0},"end":{"line":41,"column":5}},"41":{"start":{"line":42,"column":0},"end":{"line":42,"column":20}},"43":{"start":{"line":44,"column":0},"end":{"line":44,"column":19}},"44":{"start":{"line":45,"column":0},"end":{"line":45,"column":23}},"45":{"start":{"line":46,"column":0},"end":{"line":46,"column":21}},"46":{"start":{"line":47,"column":0},"end":{"line":47,"column":38}},"47":{"start":{"line":48,"column":0},"end":{"line":48,"column":38}},"48":{"start":{"line":49,"column":0},"end":{"line":49,"column":40}},"49":{"start":{"line":50,"column":0},"end":{"line":50,"column":38}},"50":{"start":{"line":51,"column":0},"end":{"line":51,"column":38}},"51":{"start":{"line":52,"column":0},"end":{"line":52,"column":48}},"52":{"start":{"line":53,"column":0},"end":{"line":53,"column":41}},"53":{"start":{"line":54,"column":0},"end":{"line":54,"column":8}},"54":{"start":{"line":55,"column":0},"end":{"line":55,"column":5}},"55":{"start":{"line":56,"column":0},"end":{"line":56,"column":20}},"57":{"start":{"line":58,"column":0},"end":{"line":58,"column":32}},"58":{"start":{"line":59,"column":0},"end":{"line":59,"column":62}},"59":{"start":{"line":60,"column":0},"end":{"line":60,"column":86}},"60":{"start":{"line":61,"column":0},"end":{"line":61,"column":24}},"61":{"start":{"line":62,"column":0},"end":{"line":62,"column":3}},"63":{"start":{"line":64,"column":0},"end":{"line":64,"column":34}},"65":{"start":{"line":66,"column":0},"end":{"line":66,"column":31}},"66":{"start":{"line":67,"column":0},"end":{"line":67,"column":22}},"67":{"start":{"line":68,"column":0},"end":{"line":68,"column":84}},"69":{"start":{"line":70,"column":0},"end":{"line":70,"column":28}},"70":{"start":{"line":71,"column":0},"end":{"line":71,"column":50}},"71":{"start":{"line":72,"column":0},"end":{"line":72,"column":49}},"72":{"start":{"line":73,"column":0},"end":{"line":73,"column":57}},"74":{"start":{"line":75,"column":0},"end":{"line":75,"column":32}},"75":{"start":{"line":76,"column":0},"end":{"line":76,"column":65}},"76":{"start":{"line":77,"column":0},"end":{"line":77,"column":14}},"77":{"start":{"line":78,"column":0},"end":{"line":78,"column":7}},"80":{"start":{"line":81,"column":0},"end":{"line":81,"column":69}},"82":{"start":{"line":83,"column":0},"end":{"line":83,"column":32}},"83":{"start":{"line":84,"column":0},"end":{"line":84,"column":22}},"84":{"start":{"line":85,"column":0},"end":{"line":85,"column":34}},"85":{"start":{"line":86,"column":0},"end":{"line":86,"column":33}},"86":{"start":{"line":87,"column":0},"end":{"line":87,"column":7}},"88":{"start":{"line":89,"column":0},"end":{"line":89,"column":25}},"89":{"start":{"line":90,"column":0},"end":{"line":90,"column":65}},"90":{"start":{"line":91,"column":0},"end":{"line":91,"column":14}},"91":{"start":{"line":92,"column":0},"end":{"line":92,"column":41}},"92":{"start":{"line":93,"column":0},"end":{"line":93,"column":7}},"93":{"start":{"line":94,"column":0},"end":{"line":94,"column":27}},"94":{"start":{"line":95,"column":0},"end":{"line":95,"column":28}},"95":{"start":{"line":96,"column":0},"end":{"line":96,"column":21}},"96":{"start":{"line":97,"column":0},"end":{"line":97,"column":17}},"97":{"start":{"line":98,"column":0},"end":{"line":98,"column":17}},"98":{"start":{"line":99,"column":0},"end":{"line":99,"column":18}},"99":{"start":{"line":100,"column":0},"end":{"line":100,"column":17}},"100":{"start":{"line":101,"column":0},"end":{"line":101,"column":17}},"101":{"start":{"line":102,"column":0},"end":{"line":102,"column":22}},"102":{"start":{"line":103,"column":0},"end":{"line":103,"column":18}},"103":{"start":{"line":104,"column":0},"end":{"line":104,"column":8}},"104":{"start":{"line":105,"column":0},"end":{"line":105,"column":5}},"105":{"start":{"line":106,"column":0},"end":{"line":106,"column":3}},"107":{"start":{"line":108,"column":0},"end":{"line":108,"column":10}},"108":{"start":{"line":109,"column":0},"end":{"line":109,"column":26}},"109":{"start":{"line":110,"column":0},"end":{"line":110,"column":38}},"110":{"start":{"line":111,"column":0},"end":{"line":111,"column":104}},"111":{"start":{"line":112,"column":0},"end":{"line":112,"column":222}},"113":{"start":{"line":114,"column":0},"end":{"line":114,"column":17}},"114":{"start":{"line":115,"column":0},"end":{"line":115,"column":70}},"115":{"start":{"line":116,"column":0},"end":{"line":116,"column":15}},"117":{"start":{"line":118,"column":0},"end":{"line":118,"column":94}},"118":{"start":{"line":119,"column":0},"end":{"line":119,"column":14}},"119":{"start":{"line":120,"column":0},"end":{"line":120,"column":21}},"120":{"start":{"line":121,"column":0},"end":{"line":121,"column":38}},"121":{"start":{"line":122,"column":0},"end":{"line":122,"column":33}},"122":{"start":{"line":123,"column":0},"end":{"line":123,"column":82}},"123":{"start":{"line":124,"column":0},"end":{"line":124,"column":18}},"124":{"start":{"line":125,"column":0},"end":{"line":125,"column":37}},"125":{"start":{"line":126,"column":0},"end":{"line":126,"column":10}},"127":{"start":{"line":128,"column":0},"end":{"line":128,"column":14}},"128":{"start":{"line":129,"column":0},"end":{"line":129,"column":20}},"129":{"start":{"line":130,"column":0},"end":{"line":130,"column":66}},"130":{"start":{"line":131,"column":0},"end":{"line":131,"column":33}},"131":{"start":{"line":132,"column":0},"end":{"line":132,"column":82}},"132":{"start":{"line":133,"column":0},"end":{"line":133,"column":42}},"133":{"start":{"line":134,"column":0},"end":{"line":134,"column":10}},"135":{"start":{"line":136,"column":0},"end":{"line":136,"column":37}},"136":{"start":{"line":137,"column":0},"end":{"line":137,"column":62}},"137":{"start":{"line":138,"column":0},"end":{"line":138,"column":46}},"138":{"start":{"line":139,"column":0},"end":{"line":139,"column":18}},"139":{"start":{"line":140,"column":0},"end":{"line":140,"column":30}},"140":{"start":{"line":141,"column":0},"end":{"line":141,"column":25}},"141":{"start":{"line":142,"column":0},"end":{"line":142,"column":62}},"142":{"start":{"line":143,"column":0},"end":{"line":143,"column":38}},"143":{"start":{"line":144,"column":0},"end":{"line":144,"column":87}},"144":{"start":{"line":145,"column":0},"end":{"line":145,"column":22}},"145":{"start":{"line":146,"column":0},"end":{"line":146,"column":14}},"146":{"start":{"line":147,"column":0},"end":{"line":147,"column":16}},"147":{"start":{"line":148,"column":0},"end":{"line":148,"column":43}},"148":{"start":{"line":149,"column":0},"end":{"line":149,"column":108}},"150":{"start":{"line":151,"column":0},"end":{"line":151,"column":14}},"152":{"start":{"line":153,"column":0},"end":{"line":153,"column":38}},"153":{"start":{"line":154,"column":0},"end":{"line":154,"column":39}},"154":{"start":{"line":155,"column":0},"end":{"line":155,"column":62}},"155":{"start":{"line":156,"column":0},"end":{"line":156,"column":18}},"156":{"start":{"line":157,"column":0},"end":{"line":157,"column":29}},"157":{"start":{"line":158,"column":0},"end":{"line":158,"column":25}},"158":{"start":{"line":159,"column":0},"end":{"line":159,"column":37}},"159":{"start":{"line":160,"column":0},"end":{"line":160,"column":27}},"160":{"start":{"line":161,"column":0},"end":{"line":161,"column":86}},"161":{"start":{"line":162,"column":0},"end":{"line":162,"column":22}},"162":{"start":{"line":163,"column":0},"end":{"line":163,"column":14}},"163":{"start":{"line":164,"column":0},"end":{"line":164,"column":16}},"164":{"start":{"line":165,"column":0},"end":{"line":165,"column":39}},"165":{"start":{"line":166,"column":0},"end":{"line":166,"column":55}},"166":{"start":{"line":167,"column":0},"end":{"line":167,"column":18}},"167":{"start":{"line":168,"column":0},"end":{"line":168,"column":29}},"168":{"start":{"line":169,"column":0},"end":{"line":169,"column":25}},"169":{"start":{"line":170,"column":0},"end":{"line":170,"column":37}},"170":{"start":{"line":171,"column":0},"end":{"line":171,"column":86}},"171":{"start":{"line":172,"column":0},"end":{"line":172,"column":22}},"172":{"start":{"line":173,"column":0},"end":{"line":173,"column":14}},"173":{"start":{"line":174,"column":0},"end":{"line":174,"column":16}},"174":{"start":{"line":175,"column":0},"end":{"line":175,"column":14}},"176":{"start":{"line":177,"column":0},"end":{"line":177,"column":14}},"177":{"start":{"line":178,"column":0},"end":{"line":178,"column":21}},"178":{"start":{"line":179,"column":0},"end":{"line":179,"column":42}},"179":{"start":{"line":180,"column":0},"end":{"line":180,"column":35}},"180":{"start":{"line":181,"column":0},"end":{"line":181,"column":84}},"181":{"start":{"line":182,"column":0},"end":{"line":182,"column":41}},"182":{"start":{"line":183,"column":0},"end":{"line":183,"column":10}},"184":{"start":{"line":185,"column":0},"end":{"line":185,"column":17}},"185":{"start":{"line":186,"column":0},"end":{"line":186,"column":49}},"186":{"start":{"line":187,"column":0},"end":{"line":187,"column":38}},"187":{"start":{"line":188,"column":0},"end":{"line":188,"column":87}},"188":{"start":{"line":189,"column":0},"end":{"line":189,"column":18}},"189":{"start":{"line":190,"column":0},"end":{"line":190,"column":42}},"190":{"start":{"line":191,"column":0},"end":{"line":191,"column":10}},"192":{"start":{"line":193,"column":0},"end":{"line":193,"column":56}},"193":{"start":{"line":194,"column":0},"end":{"line":194,"column":67}},"194":{"start":{"line":195,"column":0},"end":{"line":195,"column":17}},"195":{"start":{"line":196,"column":0},"end":{"line":196,"column":13}},"196":{"start":{"line":197,"column":0},"end":{"line":197,"column":10}},"198":{"start":{"line":199,"column":0},"end":{"line":199,"column":1}}},"s":{"0":1,"8":15,"9":15,"10":15,"11":15,"12":15,"13":15,"14":15,"15":15,"16":15,"18":15,"19":15,"20":15,"21":15,"22":15,"23":15,"24":15,"25":15,"26":15,"29":15,"30":3,"31":3,"32":3,"33":3,"34":3,"35":3,"36":3,"37":3,"38":3,"39":3,"40":3,"41":15,"43":15,"44":3,"45":0,"46":0,"47":0,"48":0,"49":0,"50":0,"51":0,"52":0,"53":0,"54":0,"55":15,"57":15,"58":15,"59":15,"60":15,"61":15,"63":15,"65":15,"66":2,"67":2,"69":2,"70":2,"71":2,"72":2,"74":2,"75":1,"76":1,"77":1,"80":1,"82":1,"83":1,"84":1,"85":1,"86":1,"88":2,"89":0,"90":2,"91":1,"92":1,"93":1,"94":1,"95":1,"96":1,"97":1,"98":1,"99":1,"100":1,"101":1,"102":1,"103":1,"104":1,"105":2,"107":15,"108":15,"109":15,"110":15,"111":15,"113":15,"114":15,"115":15,"117":15,"118":15,"119":15,"120":15,"121":15,"122":15,"123":15,"124":15,"125":15,"127":15,"128":15,"129":15,"130":15,"131":15,"132":15,"133":15,"135":15,"136":15,"137":15,"138":15,"139":15,"140":15,"141":15,"142":15,"143":15,"144":15,"145":15,"146":15,"147":15,"148":6,"150":15,"152":15,"153":15,"154":15,"155":15,"156":15,"157":15,"158":15,"159":15,"160":15,"161":15,"162":15,"163":15,"164":15,"165":15,"166":15,"167":15,"168":15,"169":15,"170":15,"171":15,"172":15,"173":15,"174":15,"176":15,"177":15,"178":15,"179":15,"180":15,"181":15,"182":15,"184":15,"185":15,"186":15,"187":15,"188":15,"189":15,"190":15,"192":15,"193":15,"194":15,"195":15,"196":15,"198":15},"branchMap":{"0":{"type":"branch","line":9,"loc":{"start":{"line":9,"column":0},"end":{"line":199,"column":1}},"locations":[{"start":{"line":9,"column":0},"end":{"line":199,"column":1}}]},"1":{"type":"branch","line":115,"loc":{"start":{"line":115,"column":13},"end":{"line":115,"column":46}},"locations":[{"start":{"line":115,"column":13},"end":{"line":115,"column":46}}]},"2":{"type":"branch","line":148,"loc":{"start":{"line":148,"column":37},"end":{"line":149,"column":108}},"locations":[{"start":{"line":148,"column":37},"end":{"line":149,"column":108}}]},"3":{"type":"branch","line":194,"loc":{"start":{"line":194,"column":11},"end":{"line":194,"column":48}},"locations":[{"start":{"line":194,"column":11},"end":{"line":194,"column":48}}]},"4":{"type":"branch","line":30,"loc":{"start":{"line":30,"column":12},"end":{"line":42,"column":5}},"locations":[{"start":{"line":30,"column":12},"end":{"line":42,"column":5}}]},"5":{"type":"branch","line":44,"loc":{"start":{"line":44,"column":12},"end":{"line":56,"column":5}},"locations":[{"start":{"line":44,"column":12},"end":{"line":56,"column":5}}]},"6":{"type":"branch","line":45,"loc":{"start":{"line":45,"column":22},"end":{"line":55,"column":5}},"locations":[{"start":{"line":45,"column":22},"end":{"line":55,"column":5}}]},"7":{"type":"branch","line":58,"loc":{"start":{"line":58,"column":25},"end":{"line":62,"column":3}},"locations":[{"start":{"line":58,"column":25},"end":{"line":62,"column":3}}]},"8":{"type":"branch","line":66,"loc":{"start":{"line":66,"column":23},"end":{"line":106,"column":3}},"locations":[{"start":{"line":66,"column":23},"end":{"line":106,"column":3}}]},"9":{"type":"branch","line":75,"loc":{"start":{"line":75,"column":31},"end":{"line":89,"column":24}},"locations":[{"start":{"line":75,"column":31},"end":{"line":89,"column":24}}]},"10":{"type":"branch","line":89,"loc":{"start":{"line":89,"column":24},"end":{"line":91,"column":13}},"locations":[{"start":{"line":89,"column":24},"end":{"line":91,"column":13}}]},"11":{"type":"branch","line":91,"loc":{"start":{"line":91,"column":6},"end":{"line":105,"column":5}},"locations":[{"start":{"line":91,"column":6},"end":{"line":105,"column":5}}]},"12":{"type":"branch","line":123,"loc":{"start":{"line":123,"column":20},"end":{"line":123,"column":82}},"locations":[{"start":{"line":123,"column":20},"end":{"line":123,"column":82}}]},"13":{"type":"branch","line":144,"loc":{"start":{"line":144,"column":24},"end":{"line":144,"column":87}},"locations":[{"start":{"line":144,"column":24},"end":{"line":144,"column":87}}]},"14":{"type":"branch","line":161,"loc":{"start":{"line":161,"column":24},"end":{"line":161,"column":86}},"locations":[{"start":{"line":161,"column":24},"end":{"line":161,"column":86}}]},"15":{"type":"branch","line":171,"loc":{"start":{"line":171,"column":24},"end":{"line":171,"column":86}},"locations":[{"start":{"line":171,"column":24},"end":{"line":171,"column":86}}]}},"b":{"0":[15],"1":[0],"2":[6],"3":[0],"4":[3],"5":[3],"6":[0],"7":[15],"8":[2],"9":[1],"10":[0],"11":[1],"12":[2],"13":[2],"14":[2],"15":[2]},"fnMap":{"0":{"name":"AdicionarEvento","decl":{"start":{"line":9,"column":0},"end":{"line":199,"column":1}},"loc":{"start":{"line":9,"column":0},"end":{"line":199,"column":1}},"line":9},"1":{"name":"getTodayString","decl":{"start":{"line":58,"column":25},"end":{"line":62,"column":3}},"loc":{"start":{"line":58,"column":25},"end":{"line":62,"column":3}},"line":58},"2":{"name":"handleSubmit","decl":{"start":{"line":66,"column":23},"end":{"line":106,"column":3}},"loc":{"start":{"line":66,"column":23},"end":{"line":106,"column":3}},"line":66},"3":{"name":"onClick","decl":{"start":{"line":111,"column":25},"end":{"line":111,"column":83}},"loc":{"start":{"line":111,"column":25},"end":{"line":111,"column":83}},"line":111},"4":{"name":"onChange","decl":{"start":{"line":123,"column":20},"end":{"line":123,"column":82}},"loc":{"start":{"line":123,"column":20},"end":{"line":123,"column":82}},"line":123},"5":{"name":"onChange","decl":{"start":{"line":132,"column":20},"end":{"line":132,"column":82}},"loc":{"start":{"line":132,"column":20},"end":{"line":132,"column":82}},"line":132},"6":{"name":"onChange","decl":{"start":{"line":144,"column":24},"end":{"line":144,"column":87}},"loc":{"start":{"line":144,"column":24},"end":{"line":144,"column":87}},"line":144},"7":{"name":"onChange","decl":{"start":{"line":161,"column":24},"end":{"line":161,"column":86}},"loc":{"start":{"line":161,"column":24},"end":{"line":161,"column":86}},"line":161},"8":{"name":"onChange","decl":{"start":{"line":171,"column":24},"end":{"line":171,"column":86}},"loc":{"start":{"line":171,"column":24},"end":{"line":171,"column":86}},"line":171},"9":{"name":"onChange","decl":{"start":{"line":181,"column":20},"end":{"line":181,"column":84}},"loc":{"start":{"line":181,"column":20},"end":{"line":181,"column":84}},"line":181},"10":{"name":"onChange","decl":{"start":{"line":188,"column":20},"end":{"line":188,"column":87}},"loc":{"start":{"line":188,"column":20},"end":{"line":188,"column":87}},"line":188}},"f":{"0":15,"1":15,"2":2,"3":0,"4":2,"5":0,"6":2,"7":2,"8":2,"9":0,"10":0}}
,"C:\\Users\\gusta\\Desktop\\igreja-crista-renovada\\src\\components\\Biblia\\Biblia.jsx": {"path":"C:\\Users\\gusta\\Desktop\\igreja-crista-renovada\\src\\components\\Biblia\\Biblia.jsx","all":false,"statementMap":{"0":{"start":{"line":1,"column":0},"end":{"line":1,"column":32}},"7":{"start":{"line":8,"column":0},"end":{"line":8,"column":34}},"8":{"start":{"line":9,"column":0},"end":{"line":9,"column":42}},"9":{"start":{"line":10,"column":0},"end":{"line":10,"column":64}},"10":{"start":{"line":11,"column":0},"end":{"line":11,"column":70}},"11":{"start":{"line":12,"column":0},"end":{"line":12,"column":50}},"12":{"start":{"line":13,"column":0},"end":{"line":13,"column":47}},"13":{"start":{"line":14,"column":0},"end":{"line":14,"column":40}},"15":{"start":{"line":16,"column":0},"end":{"line":16,"column":39}},"16":{"start":{"line":17,"column":0},"end":{"line":17,"column":30}},"17":{"start":{"line":18,"column":0},"end":{"line":18,"column":32}},"18":{"start":{"line":19,"column":0},"end":{"line":19,"column":21}},"19":{"start":{"line":20,"column":0},"end":{"line":20,"column":16}},"20":{"start":{"line":21,"column":0},"end":{"line":21,"column":3}},"22":{"start":{"line":23,"column":0},"end":{"line":23,"column":51}},"23":{"start":{"line":24,"column":0},"end":{"line":24,"column":20}},"24":{"start":{"line":25,"column":0},"end":{"line":25,"column":9}},"26":{"start":{"line":27,"column":0},"end":{"line":27,"column":101}},"29":{"start":{"line":30,"column":0},"end":{"line":30,"column":106}},"30":{"start":{"line":31,"column":0},"end":{"line":31,"column":19}},"31":{"start":{"line":32,"column":0},"end":{"line":32,"column":37}},"32":{"start":{"line":33,"column":0},"end":{"line":33,"column":34}},"33":{"start":{"line":34,"column":0},"end":{"line":34,"column":40}},"34":{"start":{"line":35,"column":0},"end":{"line":35,"column":14}},"35":{"start":{"line":36,"column":0},"end":{"line":36,"column":73}},"36":{"start":{"line":37,"column":0},"end":{"line":37,"column":7}},"37":{"start":{"line":38,"column":0},"end":{"line":38,"column":21}},"38":{"start":{"line":39,"column":0},"end":{"line":39,"column":56}},"39":{"start":{"line":40,"column":0},"end":{"line":40,"column":48}},"40":{"start":{"line":41,"column":0},"end":{"line":41,"column":15}},"41":{"start":{"line":42,"column":0},"end":{"line":42,"column":23}},"42":{"start":{"line":43,"column":0},"end":{"line":43,"column":5}},"43":{"start":{"line":44,"column":0},"end":{"line":44,"column":3}},"45":{"start":{"line":46,"column":0},"end":{"line":46,"column":30}},"46":{"start":{"line":47,"column":0},"end":{"line":47,"column":30}},"47":{"start":{"line":48,"column":0},"end":{"line":48,"column":34}},"48":{"start":{"line":49,"column":0},"end":{"line":49,"column":23}},"49":{"start":{"line":50,"column":0},"end":{"line":50,"column":34}},"50":{"start":{"line":51,"column":0},"end":{"line":51,"column":31}},"51":{"start":{"line":52,"column":0},"end":{"line":52,"column":5}},"52":{"start":{"line":53,"column":0},"end":{"line":53,"column":3}},"54":{"start":{"line":55,"column":0},"end":{"line":55,"column":33}},"55":{"start":{"line":56,"column":0},"end":{"line":56,"column":26}},"56":{"start":{"line":57,"column":0},"end":{"line":57,"column":60}},"57":{"start":{"line":58,"column":0},"end":{"line":58,"column":14}},"60":{"start":{"line":61,"column":0},"end":{"line":61,"column":48}},"61":{"start":{"line":62,"column":0},"end":{"line":62,"column":52}},"62":{"start":{"line":63,"column":0},"end":{"line":63,"column":75}},"64":{"start":{"line":65,"column":0},"end":{"line":65,"column":12}},"65":{"start":{"line":66,"column":0},"end":{"line":66,"column":41}},"66":{"start":{"line":67,"column":0},"end":{"line":67,"column":46}},"67":{"start":{"line":68,"column":0},"end":{"line":68,"column":69}},"68":{"start":{"line":69,"column":0},"end":{"line":69,"column":224}},"70":{"start":{"line":71,"column":0},"end":{"line":71,"column":19}},"72":{"start":{"line":73,"column":0},"end":{"line":73,"column":49}},"73":{"start":{"line":74,"column":0},"end":{"line":74,"column":66}},"74":{"start":{"line":75,"column":0},"end":{"line":75,"column":51}},"75":{"start":{"line":76,"column":0},"end":{"line":76,"column":21}},"76":{"start":{"line":77,"column":0},"end":{"line":77,"column":76}},"77":{"start":{"line":78,"column":0},"end":{"line":78,"column":41}},"78":{"start":{"line":79,"column":0},"end":{"line":79,"column":41}},"79":{"start":{"line":80,"column":0},"end":{"line":80,"column":41}},"81":{"start":{"line":82,"column":0},"end":{"line":82,"column":226}},"82":{"start":{"line":83,"column":0},"end":{"line":83,"column":23}},"83":{"start":{"line":84,"column":0},"end":{"line":84,"column":21}},"84":{"start":{"line":85,"column":0},"end":{"line":85,"column":76}},"85":{"start":{"line":86,"column":0},"end":{"line":86,"column":40}},"86":{"start":{"line":87,"column":0},"end":{"line":87,"column":41}},"87":{"start":{"line":88,"column":0},"end":{"line":88,"column":40}},"89":{"start":{"line":90,"column":0},"end":{"line":90,"column":225}},"90":{"start":{"line":91,"column":0},"end":{"line":91,"column":23}},"91":{"start":{"line":92,"column":0},"end":{"line":92,"column":18}},"92":{"start":{"line":93,"column":0},"end":{"line":93,"column":16}},"93":{"start":{"line":94,"column":0},"end":{"line":94,"column":17}},"95":{"start":{"line":96,"column":0},"end":{"line":96,"column":43}},"96":{"start":{"line":97,"column":0},"end":{"line":97,"column":22}},"97":{"start":{"line":98,"column":0},"end":{"line":98,"column":70}},"99":{"start":{"line":100,"column":0},"end":{"line":100,"column":45}},"100":{"start":{"line":101,"column":0},"end":{"line":101,"column":36}},"101":{"start":{"line":102,"column":0},"end":{"line":102,"column":62}},"102":{"start":{"line":103,"column":0},"end":{"line":103,"column":56}},"103":{"start":{"line":104,"column":0},"end":{"line":104,"column":58}},"104":{"start":{"line":105,"column":0},"end":{"line":105,"column":22}},"105":{"start":{"line":106,"column":0},"end":{"line":106,"column":17}},"107":{"start":{"line":108,"column":0},"end":{"line":108,"column":52}},"108":{"start":{"line":109,"column":0},"end":{"line":109,"column":23}},"109":{"start":{"line":110,"column":0},"end":{"line":110,"column":78}},"110":{"start":{"line":111,"column":0},"end":{"line":111,"column":43}},"111":{"start":{"line":112,"column":0},"end":{"line":112,"column":46}},"113":{"start":{"line":114,"column":0},"end":{"line":114,"column":230}},"115":{"start":{"line":116,"column":0},"end":{"line":116,"column":25}},"116":{"start":{"line":117,"column":0},"end":{"line":117,"column":23}},"117":{"start":{"line":118,"column":0},"end":{"line":118,"column":78}},"118":{"start":{"line":119,"column":0},"end":{"line":119,"column":42}},"119":{"start":{"line":120,"column":0},"end":{"line":120,"column":46}},"120":{"start":{"line":121,"column":0},"end":{"line":121,"column":17}},"122":{"start":{"line":123,"column":0},"end":{"line":123,"column":229}},"123":{"start":{"line":124,"column":0},"end":{"line":124,"column":25}},"124":{"start":{"line":125,"column":0},"end":{"line":125,"column":20}},"125":{"start":{"line":126,"column":0},"end":{"line":126,"column":18}},"127":{"start":{"line":128,"column":0},"end":{"line":128,"column":14}},"128":{"start":{"line":129,"column":0},"end":{"line":129,"column":12}},"130":{"start":{"line":131,"column":0},"end":{"line":131,"column":3}},"133":{"start":{"line":134,"column":0},"end":{"line":134,"column":49}},"134":{"start":{"line":135,"column":0},"end":{"line":135,"column":83}},"136":{"start":{"line":137,"column":0},"end":{"line":137,"column":12}},"137":{"start":{"line":138,"column":0},"end":{"line":138,"column":28}},"138":{"start":{"line":139,"column":0},"end":{"line":139,"column":46}},"139":{"start":{"line":140,"column":0},"end":{"line":140,"column":69}},"140":{"start":{"line":141,"column":0},"end":{"line":141,"column":224}},"142":{"start":{"line":143,"column":0},"end":{"line":143,"column":19}},"143":{"start":{"line":144,"column":0},"end":{"line":144,"column":42}},"144":{"start":{"line":145,"column":0},"end":{"line":145,"column":17}},"146":{"start":{"line":147,"column":0},"end":{"line":147,"column":41}},"147":{"start":{"line":148,"column":0},"end":{"line":148,"column":60}},"148":{"start":{"line":149,"column":0},"end":{"line":149,"column":42}},"149":{"start":{"line":150,"column":0},"end":{"line":150,"column":30}},"150":{"start":{"line":151,"column":0},"end":{"line":151,"column":21}},"151":{"start":{"line":152,"column":0},"end":{"line":152,"column":25}},"152":{"start":{"line":153,"column":0},"end":{"line":153,"column":40}},"153":{"start":{"line":154,"column":0},"end":{"line":154,"column":56}},"155":{"start":{"line":156,"column":0},"end":{"line":156,"column":21}},"156":{"start":{"line":157,"column":0},"end":{"line":157,"column":23}},"157":{"start":{"line":158,"column":0},"end":{"line":158,"column":15}},"158":{"start":{"line":159,"column":0},"end":{"line":159,"column":16}},"159":{"start":{"line":160,"column":0},"end":{"line":160,"column":14}},"160":{"start":{"line":161,"column":0},"end":{"line":161,"column":12}},"162":{"start":{"line":163,"column":0},"end":{"line":163,"column":3}},"165":{"start":{"line":166,"column":0},"end":{"line":166,"column":10}},"166":{"start":{"line":167,"column":0},"end":{"line":167,"column":26}},"167":{"start":{"line":168,"column":0},"end":{"line":168,"column":38}},"168":{"start":{"line":169,"column":0},"end":{"line":169,"column":31}},"169":{"start":{"line":170,"column":0},"end":{"line":170,"column":15}},"171":{"start":{"line":172,"column":0},"end":{"line":172,"column":39}},"172":{"start":{"line":173,"column":0},"end":{"line":173,"column":14}},"173":{"start":{"line":174,"column":0},"end":{"line":174,"column":21}},"174":{"start":{"line":175,"column":0},"end":{"line":175,"column":39}},"175":{"start":{"line":176,"column":0},"end":{"line":176,"column":23}},"176":{"start":{"line":177,"column":0},"end":{"line":177,"column":52}},"177":{"start":{"line":178,"column":0},"end":{"line":178,"column":33}},"178":{"start":{"line":179,"column":0},"end":{"line":179,"column":10}},"179":{"start":{"line":180,"column":0},"end":{"line":180,"column":12}},"181":{"start":{"line":182,"column":0},"end":{"line":182,"column":36}},"182":{"start":{"line":183,"column":0},"end":{"line":183,"column":37}},"183":{"start":{"line":184,"column":0},"end":{"line":184,"column":41}},"184":{"start":{"line":185,"column":0},"end":{"line":185,"column":16}},"185":{"start":{"line":186,"column":0},"end":{"line":186,"column":28}},"186":{"start":{"line":187,"column":0},"end":{"line":187,"column":36}},"187":{"start":{"line":188,"column":0},"end":{"line":188,"column":53}},"189":{"start":{"line":190,"column":0},"end":{"line":190,"column":26}},"190":{"start":{"line":191,"column":0},"end":{"line":191,"column":18}},"191":{"start":{"line":192,"column":0},"end":{"line":192,"column":13}},"192":{"start":{"line":193,"column":0},"end":{"line":193,"column":14}},"193":{"start":{"line":194,"column":0},"end":{"line":194,"column":12}},"194":{"start":{"line":195,"column":0},"end":{"line":195,"column":10}},"196":{"start":{"line":197,"column":0},"end":{"line":197,"column":1}}},"s":{"0":1,"7":9,"8":9,"9":9,"10":9,"11":9,"12":9,"13":9,"15":9,"16":2,"17":2,"18":2,"19":2,"20":2,"22":9,"23":1,"24":1,"26":1,"29":1,"30":1,"31":1,"32":1,"33":1,"34":1,"35":0,"36":0,"37":1,"38":0,"39":0,"40":1,"41":1,"42":1,"43":1,"45":9,"46":0,"47":0,"48":0,"49":0,"50":0,"51":0,"52":0,"54":9,"55":1,"56":66,"57":9,"60":9,"61":1,"62":1,"64":1,"65":1,"66":1,"67":1,"68":1,"70":1,"72":1,"73":1,"74":1,"75":1,"76":1,"77":1,"78":1,"79":1,"81":1,"82":1,"83":1,"84":1,"85":1,"86":1,"87":1,"89":1,"90":1,"91":1,"92":1,"93":1,"95":1,"96":1,"97":0,"99":1,"100":1,"101":1,"102":1,"103":1,"104":1,"105":1,"107":1,"108":1,"109":1,"110":1,"111":1,"113":1,"115":1,"116":1,"117":1,"118":1,"119":1,"120":1,"122":1,"123":1,"124":1,"125":1,"127":1,"128":1,"130":1,"133":9,"134":3,"136":3,"137":3,"138":3,"139":3,"140":3,"142":3,"143":3,"144":3,"146":3,"147":3,"148":3,"149":3,"150":150,"151":150,"152":150,"153":150,"155":150,"156":150,"157":3,"158":3,"159":3,"160":3,"162":3,"165":5,"166":5,"167":5,"168":5,"169":5,"171":5,"172":5,"173":5,"174":5,"175":5,"176":5,"177":5,"178":5,"179":5,"181":5,"182":5,"183":5,"184":265,"185":265,"186":265,"187":265,"189":265,"190":265,"191":5,"192":5,"193":5,"194":5,"196":5},"branchMap":{"0":{"type":"branch","line":8,"loc":{"start":{"line":8,"column":0},"end":{"line":197,"column":1}},"locations":[{"start":{"line":8,"column":0},"end":{"line":197,"column":1}}]},"1":{"type":"branch","line":55,"loc":{"start":{"line":55,"column":26},"end":{"line":58,"column":8}},"locations":[{"start":{"line":55,"column":26},"end":{"line":58,"column":8}}]},"2":{"type":"branch","line":58,"loc":{"start":{"line":58,"column":4},"end":{"line":58,"column":14}},"locations":[{"start":{"line":58,"column":4},"end":{"line":58,"column":14}}]},"3":{"type":"branch","line":61,"loc":{"start":{"line":61,"column":6},"end":{"line":61,"column":47}},"locations":[{"start":{"line":61,"column":6},"end":{"line":61,"column":47}}]},"4":{"type":"branch","line":61,"loc":{"start":{"line":61,"column":47},"end":{"line":131,"column":3}},"locations":[{"start":{"line":61,"column":47},"end":{"line":131,"column":3}}]},"5":{"type":"branch","line":97,"loc":{"start":{"line":97,"column":11},"end":{"line":98,"column":70}},"locations":[{"start":{"line":97,"column":11},"end":{"line":98,"column":70}}]},"6":{"type":"branch","line":131,"loc":{"start":{"line":131,"column":2},"end":{"line":134,"column":26}},"locations":[{"start":{"line":131,"column":2},"end":{"line":134,"column":26}}]},"7":{"type":"branch","line":134,"loc":{"start":{"line":134,"column":6},"end":{"line":134,"column":48}},"locations":[{"start":{"line":134,"column":6},"end":{"line":134,"column":48}}]},"8":{"type":"branch","line":134,"loc":{"start":{"line":134,"column":48},"end":{"line":163,"column":3}},"locations":[{"start":{"line":134,"column":48},"end":{"line":163,"column":3}}]},"9":{"type":"branch","line":163,"loc":{"start":{"line":163,"column":2},"end":{"line":197,"column":1}},"locations":[{"start":{"line":163,"column":2},"end":{"line":197,"column":1}}]},"10":{"type":"branch","line":16,"loc":{"start":{"line":16,"column":27},"end":{"line":21,"column":3}},"locations":[{"start":{"line":16,"column":27},"end":{"line":21,"column":3}}]},"11":{"type":"branch","line":23,"loc":{"start":{"line":23,"column":30},"end":{"line":44,"column":3}},"locations":[{"start":{"line":23,"column":30},"end":{"line":44,"column":3}}]},"12":{"type":"branch","line":35,"loc":{"start":{"line":35,"column":6},"end":{"line":37,"column":7}},"locations":[{"start":{"line":35,"column":6},"end":{"line":37,"column":7}}]},"13":{"type":"branch","line":38,"loc":{"start":{"line":38,"column":4},"end":{"line":41,"column":6}},"locations":[{"start":{"line":38,"column":4},"end":{"line":41,"column":6}}]},"14":{"type":"branch","line":56,"loc":{"start":{"line":56,"column":18},"end":{"line":57,"column":60}},"locations":[{"start":{"line":56,"column":18},"end":{"line":57,"column":60}}]},"15":{"type":"branch","line":101,"loc":{"start":{"line":101,"column":30},"end":{"line":105,"column":22}},"locations":[{"start":{"line":101,"column":30},"end":{"line":105,"column":22}}]},"16":{"type":"branch","line":135,"loc":{"start":{"line":135,"column":67},"end":{"line":135,"column":82}},"locations":[{"start":{"line":135,"column":67},"end":{"line":135,"column":82}}]},"17":{"type":"branch","line":150,"loc":{"start":{"line":150,"column":22},"end":{"line":157,"column":23}},"locations":[{"start":{"line":150,"column":22},"end":{"line":157,"column":23}}]},"18":{"type":"branch","line":154,"loc":{"start":{"line":154,"column":25},"end":{"line":154,"column":56}},"locations":[{"start":{"line":154,"column":25},"end":{"line":154,"column":56}}]},"19":{"type":"branch","line":177,"loc":{"start":{"line":177,"column":20},"end":{"line":177,"column":52}},"locations":[{"start":{"line":177,"column":20},"end":{"line":177,"column":52}}]},"20":{"type":"branch","line":184,"loc":{"start":{"line":184,"column":31},"end":{"line":191,"column":18}},"locations":[{"start":{"line":184,"column":31},"end":{"line":191,"column":18}}]},"21":{"type":"branch","line":188,"loc":{"start":{"line":188,"column":23},"end":{"line":188,"column":53}},"locations":[{"start":{"line":188,"column":23},"end":{"line":188,"column":53}}]}},"b":{"0":[9],"1":[1],"2":[8],"3":[4],"4":[1],"5":[0],"6":[8],"7":[3],"8":[3],"9":[5],"10":[2],"11":[1],"12":[0],"13":[0],"14":[66],"15":[1],"16":[150],"17":[150],"18":[1],"19":[1],"20":[265],"21":[2]},"fnMap":{"0":{"name":"Biblia","decl":{"start":{"line":8,"column":0},"end":{"line":197,"column":1}},"loc":{"start":{"line":8,"column":0},"end":{"line":197,"column":1}},"line":8},"1":{"name":"handleLivroClick","decl":{"start":{"line":16,"column":27},"end":{"line":21,"column":3}},"loc":{"start":{"line":16,"column":27},"end":{"line":21,"column":3}},"line":16},"2":{"name":"handleCapituloClick","decl":{"start":{"line":23,"column":30},"end":{"line":44,"column":3}},"loc":{"start":{"line":23,"column":30},"end":{"line":44,"column":3}},"line":23},"3":{"name":"handleVoltar","decl":{"start":{"line":46,"column":23},"end":{"line":53,"column":3}},"loc":{"start":{"line":46,"column":23},"end":{"line":53,"column":3}},"line":46},"4":{"name":"onClick","decl":{"start":{"line":77,"column":25},"end":{"line":77,"column":76}},"loc":{"start":{"line":77,"column":25},"end":{"line":77,"column":76}},"line":77},"5":{"name":"onClick","decl":{"start":{"line":85,"column":25},"end":{"line":85,"column":76}},"loc":{"start":{"line":85,"column":25},"end":{"line":85,"column":76}},"line":85},"6":{"name":"onClick","decl":{"start":{"line":110,"column":27},"end":{"line":110,"column":78}},"loc":{"start":{"line":110,"column":27},"end":{"line":110,"column":78}},"line":110},"7":{"name":"onClick","decl":{"start":{"line":118,"column":27},"end":{"line":118,"column":78}},"loc":{"start":{"line":118,"column":27},"end":{"line":118,"column":78}},"line":118},"8":{"name":"onClick","decl":{"start":{"line":154,"column":25},"end":{"line":154,"column":56}},"loc":{"start":{"line":154,"column":25},"end":{"line":154,"column":56}},"line":154},"9":{"name":"onChange","decl":{"start":{"line":177,"column":20},"end":{"line":177,"column":52}},"loc":{"start":{"line":177,"column":20},"end":{"line":177,"column":52}},"line":177},"10":{"name":"onClick","decl":{"start":{"line":188,"column":23},"end":{"line":188,"column":53}},"loc":{"start":{"line":188,"column":23},"end":{"line":188,"column":53}},"line":188}},"f":{"0":9,"1":2,"2":1,"3":0,"4":0,"5":0,"6":0,"7":0,"8":1,"9":1,"10":2}}
,"C:\\Users\\gusta\\Desktop\\igreja-crista-renovada\\src\\components\\Biblia\\constants.js": {"path":"C:\\Users\\gusta\\Desktop\\igreja-crista-renovada\\src\\components\\Biblia\\constants.js","all":false,"statementMap":{"0":{"start":{"line":1,"column":0},"end":{"line":1,"column":30}},"1":{"start":{"line":2,"column":0},"end":{"line":2,"column":66}},"2":{"start":{"line":3,"column":0},"end":{"line":3,"column":62}},"3":{"start":{"line":4,"column":0},"end":{"line":4,"column":71}},"4":{"start":{"line":5,"column":0},"end":{"line":5,"column":66}},"5":{"start":{"line":6,"column":0},"end":{"line":6,"column":79}},"6":{"start":{"line":7,"column":0},"end":{"line":7,"column":62}},"7":{"start":{"line":8,"column":0},"end":{"line":8,"column":63}},"8":{"start":{"line":9,"column":0},"end":{"line":9,"column":56}},"9":{"start":{"line":10,"column":0},"end":{"line":10,"column":68}},"10":{"start":{"line":11,"column":0},"end":{"line":11,"column":68}},"11":{"start":{"line":12,"column":0},"end":{"line":12,"column":64}},"12":{"start":{"line":13,"column":0},"end":{"line":13,"column":64}},"13":{"start":{"line":14,"column":0},"end":{"line":14,"column":78}},"14":{"start":{"line":15,"column":0},"end":{"line":15,"column":78}},"15":{"start":{"line":16,"column":0},"end":{"line":16,"column":59}},"16":{"start":{"line":17,"column":0},"end":{"line":17,"column":68}},"17":{"start":{"line":18,"column":0},"end":{"line":18,"column":62}},"18":{"start":{"line":19,"column":0},"end":{"line":19,"column":53}},"19":{"start":{"line":20,"column":0},"end":{"line":20,"column":64}},"20":{"start":{"line":21,"column":0},"end":{"line":21,"column":71}},"21":{"start":{"line":22,"column":0},"end":{"line":22,"column":80}},"22":{"start":{"line":23,"column":0},"end":{"line":23,"column":80}},"23":{"start":{"line":24,"column":0},"end":{"line":24,"column":63}},"24":{"start":{"line":25,"column":0},"end":{"line":25,"column":69}},"25":{"start":{"line":26,"column":0},"end":{"line":26,"column":79}},"26":{"start":{"line":27,"column":0},"end":{"line":27,"column":67}},"27":{"start":{"line":28,"column":0},"end":{"line":28,"column":63}},"28":{"start":{"line":29,"column":0},"end":{"line":29,"column":61}},"29":{"start":{"line":30,"column":0},"end":{"line":30,"column":56}},"30":{"start":{"line":31,"column":0},"end":{"line":31,"column":56}},"31":{"start":{"line":32,"column":0},"end":{"line":32,"column":65}},"32":{"start":{"line":33,"column":0},"end":{"line":33,"column":59}},"33":{"start":{"line":34,"column":0},"end":{"line":34,"column":62}},"34":{"start":{"line":35,"column":0},"end":{"line":35,"column":58}},"35":{"start":{"line":36,"column":0},"end":{"line":36,"column":69}},"36":{"start":{"line":37,"column":0},"end":{"line":37,"column":70}},"37":{"start":{"line":38,"column":0},"end":{"line":38,"column":60}},"38":{"start":{"line":39,"column":0},"end":{"line":39,"column":71}},"39":{"start":{"line":40,"column":0},"end":{"line":40,"column":67}},"40":{"start":{"line":41,"column":0},"end":{"line":41,"column":65}},"41":{"start":{"line":42,"column":0},"end":{"line":42,"column":59}},"42":{"start":{"line":43,"column":0},"end":{"line":43,"column":58}},"43":{"start":{"line":44,"column":0},"end":{"line":44,"column":57}},"44":{"start":{"line":45,"column":0},"end":{"line":45,"column":57}},"45":{"start":{"line":46,"column":0},"end":{"line":46,"column":64}},"46":{"start":{"line":47,"column":0},"end":{"line":47,"column":81}},"47":{"start":{"line":48,"column":0},"end":{"line":48,"column":81}},"48":{"start":{"line":49,"column":0},"end":{"line":49,"column":69}},"49":{"start":{"line":50,"column":0},"end":{"line":50,"column":69}},"50":{"start":{"line":51,"column":0},"end":{"line":51,"column":76}},"51":{"start":{"line":52,"column":0},"end":{"line":52,"column":75}},"52":{"start":{"line":53,"column":0},"end":{"line":53,"column":90}},"53":{"start":{"line":54,"column":0},"end":{"line":54,"column":90}},"54":{"start":{"line":55,"column":0},"end":{"line":55,"column":70}},"55":{"start":{"line":56,"column":0},"end":{"line":56,"column":70}},"56":{"start":{"line":57,"column":0},"end":{"line":57,"column":58}},"57":{"start":{"line":58,"column":0},"end":{"line":58,"column":67}},"58":{"start":{"line":59,"column":0},"end":{"line":59,"column":66}},"59":{"start":{"line":60,"column":0},"end":{"line":60,"column":59}},"60":{"start":{"line":61,"column":0},"end":{"line":61,"column":64}},"61":{"start":{"line":62,"column":0},"end":{"line":62,"column":64}},"62":{"start":{"line":63,"column":0},"end":{"line":63,"column":61}},"63":{"start":{"line":64,"column":0},"end":{"line":64,"column":61}},"64":{"start":{"line":65,"column":0},"end":{"line":65,"column":61}},"65":{"start":{"line":66,"column":0},"end":{"line":66,"column":57}},"66":{"start":{"line":67,"column":0},"end":{"line":67,"column":74}},"67":{"start":{"line":68,"column":0},"end":{"line":68,"column":1}}},"s":{"0":1,"1":1,"2":1,"3":1,"4":1,"5":1,"6":1,"7":1,"8":1,"9":1,"10":1,"11":1,"12":1,"13":1,"14":1,"15":1,"16":1,"17":1,"18":1,"19":1,"20":1,"21":1,"22":1,"23":1,"24":1,"25":1,"26":1,"27":1,"28":1,"29":1,"30":1,"31":1,"32":1,"33":1,"34":1,"35":1,"36":1,"37":1,"38":1,"39":1,"40":1,"41":1,"42":1,"43":1,"44":1,"45":1,"46":1,"47":1,"48":1,"49":1,"50":1,"51":1,"52":1,"53":1,"54":1,"55":1,"56":1,"57":1,"58":1,"59":1,"60":1,"61":1,"62":1,"63":1,"64":1,"65":1,"66":1,"67":1},"branchMap":{},"b":{},"fnMap":{},"f":{}}
,"C:\\Users\\gusta\\Desktop\\igreja-crista-renovada\\src\\components\\BottomNav\\BottomNav.jsx": {"path":"C:\\Users\\gusta\\Desktop\\igreja-crista-renovada\\src\\components\\BottomNav\\BottomNav.jsx","all":false,"statementMap":{"0":{"start":{"line":1,"column":0},"end":{"line":1,"column":56}},"6":{"start":{"line":7,"column":0},"end":{"line":7,"column":37}},"7":{"start":{"line":8,"column":0},"end":{"line":8,"column":57}},"9":{"start":{"line":10,"column":0},"end":{"line":10,"column":20}},"10":{"start":{"line":11,"column":0},"end":{"line":11,"column":5}},"11":{"start":{"line":12,"column":0},"end":{"line":12,"column":17}},"12":{"start":{"line":13,"column":0},"end":{"line":13,"column":22}},"13":{"start":{"line":14,"column":0},"end":{"line":14,"column":298}},"14":{"start":{"line":15,"column":0},"end":{"line":15,"column":6}},"15":{"start":{"line":16,"column":0},"end":{"line":16,"column":5}},"16":{"start":{"line":17,"column":0},"end":{"line":17,"column":23}},"17":{"start":{"line":18,"column":0},"end":{"line":18,"column":22}},"18":{"start":{"line":19,"column":0},"end":{"line":19,"column":362}},"19":{"start":{"line":20,"column":0},"end":{"line":20,"column":6}},"20":{"start":{"line":21,"column":0},"end":{"line":21,"column":5}},"21":{"start":{"line":22,"column":0},"end":{"line":22,"column":19}},"22":{"start":{"line":23,"column":0},"end":{"line":23,"column":22}},"23":{"start":{"line":24,"column":0},"end":{"line":24,"column":315}},"24":{"start":{"line":25,"column":0},"end":{"line":25,"column":6}},"25":{"start":{"line":26,"column":0},"end":{"line":26,"column":5}},"26":{"start":{"line":27,"column":0},"end":{"line":27,"column":22}},"27":{"start":{"line":28,"column":0},"end":{"line":28,"column":25}},"28":{"start":{"line":29,"column":0},"end":{"line":29,"column":274}},"29":{"start":{"line":30,"column":0},"end":{"line":30,"column":6}},"30":{"start":{"line":31,"column":0},"end":{"line":31,"column":5}},"31":{"start":{"line":32,"column":0},"end":{"line":32,"column":19}},"32":{"start":{"line":33,"column":0},"end":{"line":33,"column":22}},"33":{"start":{"line":34,"column":0},"end":{"line":34,"column":281}},"34":{"start":{"line":35,"column":0},"end":{"line":35,"column":5}},"35":{"start":{"line":36,"column":0},"end":{"line":36,"column":3}},"37":{"start":{"line":38,"column":0},"end":{"line":38,"column":10}},"38":{"start":{"line":39,"column":0},"end":{"line":39,"column":65}},"39":{"start":{"line":40,"column":0},"end":{"line":40,"column":29}},"40":{"start":{"line":41,"column":0},"end":{"line":41,"column":15}},"41":{"start":{"line":42,"column":0},"end":{"line":42,"column":23}},"42":{"start":{"line":43,"column":0},"end":{"line":43,"column":75}},"43":{"start":{"line":44,"column":0},"end":{"line":44,"column":49}},"45":{"start":{"line":46,"column":0},"end":{"line":46,"column":55}},"46":{"start":{"line":47,"column":0},"end":{"line":47,"column":57}},"47":{"start":{"line":48,"column":0},"end":{"line":48,"column":17}},"48":{"start":{"line":49,"column":0},"end":{"line":49,"column":9}},"49":{"start":{"line":50,"column":0},"end":{"line":50,"column":10}},"51":{"start":{"line":52,"column":0},"end":{"line":52,"column":1}}},"s":{"0":1,"6":3,"7":3,"9":3,"10":3,"11":3,"12":3,"13":3,"14":3,"15":3,"16":3,"17":3,"18":3,"19":3,"20":3,"21":3,"22":3,"23":3,"24":3,"25":3,"26":3,"27":3,"28":3,"29":3,"30":3,"31":3,"32":3,"33":3,"34":3,"35":3,"37":3,"38":3,"39":3,"40":15,"41":15,"42":15,"43":15,"45":15,"46":15,"47":15,"48":3,"49":3,"51":3},"branchMap":{"0":{"type":"branch","line":7,"loc":{"start":{"line":7,"column":0},"end":{"line":52,"column":1}},"locations":[{"start":{"line":7,"column":0},"end":{"line":52,"column":1}}]},"1":{"type":"branch","line":40,"loc":{"start":{"line":40,"column":20},"end":{"line":48,"column":17}},"locations":[{"start":{"line":40,"column":20},"end":{"line":48,"column":17}}]},"2":{"type":"branch","line":43,"loc":{"start":{"line":43,"column":54},"end":{"line":43,"column":70}},"locations":[{"start":{"line":43,"column":54},"end":{"line":43,"column":70}}]},"3":{"type":"branch","line":43,"loc":{"start":{"line":43,"column":59},"end":{"line":43,"column":72}},"locations":[{"start":{"line":43,"column":59},"end":{"line":43,"column":72}}]},"4":{"type":"branch","line":44,"loc":{"start":{"line":44,"column":19},"end":{"line":44,"column":49}},"locations":[{"start":{"line":44,"column":19},"end":{"line":44,"column":49}}]}},"b":{"0":[3],"1":[15],"2":[3],"3":[12],"4":[1]},"fnMap":{"0":{"name":"BottomNav","decl":{"start":{"line":7,"column":0},"end":{"line":52,"column":1}},"loc":{"start":{"line":7,"column":0},"end":{"line":52,"column":1}},"line":7},"1":{"name":"onClick","decl":{"start":{"line":44,"column":19},"end":{"line":44,"column":49}},"loc":{"start":{"line":44,"column":19},"end":{"line":44,"column":49}},"line":44}},"f":{"0":3,"1":1}}
,"C:\\Users\\gusta\\Desktop\\igreja-crista-renovada\\src\\components\\CalendarioView\\CalendarioView.jsx": {"path":"C:\\Users\\gusta\\Desktop\\igreja-crista-renovada\\src\\components\\CalendarioView\\CalendarioView.jsx","all":false,"statementMap":{"0":{"start":{"line":1,"column":0},"end":{"line":1,"column":32}},"7":{"start":{"line":8,"column":0},"end":{"line":8,"column":42}},"8":{"start":{"line":9,"column":0},"end":{"line":9,"column":71}},"9":{"start":{"line":10,"column":0},"end":{"line":10,"column":62}},"11":{"start":{"line":12,"column":0},"end":{"line":12,"column":77}},"12":{"start":{"line":13,"column":0},"end":{"line":13,"column":76}},"14":{"start":{"line":15,"column":0},"end":{"line":15,"column":39}},"15":{"start":{"line":16,"column":0},"end":{"line":16,"column":41}},"16":{"start":{"line":17,"column":0},"end":{"line":17,"column":39}},"17":{"start":{"line":18,"column":0},"end":{"line":18,"column":47}},"19":{"start":{"line":20,"column":0},"end":{"line":20,"column":22}},"20":{"start":{"line":21,"column":0},"end":{"line":21,"column":62}},"21":{"start":{"line":22,"column":0},"end":{"line":22,"column":68}},"22":{"start":{"line":23,"column":0},"end":{"line":23,"column":3}},"24":{"start":{"line":25,"column":0},"end":{"line":25,"column":25}},"25":{"start":{"line":26,"column":0},"end":{"line":26,"column":38}},"26":{"start":{"line":27,"column":0},"end":{"line":27,"column":27}},"27":{"start":{"line":28,"column":0},"end":{"line":28,"column":3}},"28":{"start":{"line":29,"column":0},"end":{"line":29,"column":35}},"29":{"start":{"line":30,"column":0},"end":{"line":30,"column":24}},"30":{"start":{"line":31,"column":0},"end":{"line":31,"column":3}},"32":{"start":{"line":33,"column":0},"end":{"line":33,"column":36}},"33":{"start":{"line":34,"column":0},"end":{"line":34,"column":23}},"34":{"start":{"line":35,"column":0},"end":{"line":35,"column":37}},"35":{"start":{"line":36,"column":0},"end":{"line":36,"column":40}},"36":{"start":{"line":37,"column":0},"end":{"line":37,"column":49}},"37":{"start":{"line":38,"column":0},"end":{"line":38,"column":14}},"38":{"start":{"line":39,"column":0},"end":{"line":39,"column":38}},"39":{"start":{"line":40,"column":0},"end":{"line":40,"column":41}},"40":{"start":{"line":41,"column":0},"end":{"line":41,"column":40}},"42":{"start":{"line":43,"column":0},"end":{"line":43,"column":6}},"43":{"start":{"line":44,"column":0},"end":{"line":44,"column":3}},"45":{"start":{"line":46,"column":0},"end":{"line":46,"column":35}},"46":{"start":{"line":47,"column":0},"end":{"line":47,"column":42}},"47":{"start":{"line":48,"column":0},"end":{"line":48,"column":33}},"48":{"start":{"line":49,"column":0},"end":{"line":49,"column":36}},"49":{"start":{"line":50,"column":0},"end":{"line":50,"column":32}},"50":{"start":{"line":51,"column":0},"end":{"line":51,"column":38}},"51":{"start":{"line":52,"column":0},"end":{"line":52,"column":28}},"52":{"start":{"line":53,"column":0},"end":{"line":53,"column":5}},"53":{"start":{"line":54,"column":0},"end":{"line":54,"column":3}},"55":{"start":{"line":56,"column":0},"end":{"line":56,"column":10}},"56":{"start":{"line":57,"column":0},"end":{"line":57,"column":26}},"57":{"start":{"line":58,"column":0},"end":{"line":58,"column":38}},"58":{"start":{"line":59,"column":0},"end":{"line":59,"column":30}},"59":{"start":{"line":60,"column":0},"end":{"line":60,"column":42}},"60":{"start":{"line":61,"column":0},"end":{"line":61,"column":15}},"62":{"start":{"line":63,"column":0},"end":{"line":63,"column":37}},"63":{"start":{"line":64,"column":0},"end":{"line":64,"column":41}},"64":{"start":{"line":65,"column":0},"end":{"line":65,"column":127}},"65":{"start":{"line":66,"column":0},"end":{"line":66,"column":222}},"66":{"start":{"line":67,"column":0},"end":{"line":67,"column":19}},"67":{"start":{"line":68,"column":0},"end":{"line":68,"column":45}},"68":{"start":{"line":69,"column":0},"end":{"line":69,"column":126}},"69":{"start":{"line":70,"column":0},"end":{"line":70,"column":221}},"70":{"start":{"line":71,"column":0},"end":{"line":71,"column":19}},"71":{"start":{"line":72,"column":0},"end":{"line":72,"column":14}},"73":{"start":{"line":74,"column":0},"end":{"line":74,"column":39}},"74":{"start":{"line":75,"column":0},"end":{"line":75,"column":64}},"75":{"start":{"line":76,"column":0},"end":{"line":76,"column":75}},"76":{"start":{"line":77,"column":0},"end":{"line":77,"column":13}},"77":{"start":{"line":78,"column":0},"end":{"line":78,"column":43}},"78":{"start":{"line":79,"column":0},"end":{"line":79,"column":50}},"79":{"start":{"line":80,"column":0},"end":{"line":80,"column":50}},"80":{"start":{"line":81,"column":0},"end":{"line":81,"column":20}},"81":{"start":{"line":82,"column":0},"end":{"line":82,"column":18}},"82":{"start":{"line":83,"column":0},"end":{"line":83,"column":25}},"83":{"start":{"line":84,"column":0},"end":{"line":84,"column":98}},"84":{"start":{"line":85,"column":0},"end":{"line":85,"column":71}},"85":{"start":{"line":86,"column":0},"end":{"line":86,"column":62}},"86":{"start":{"line":87,"column":0},"end":{"line":87,"column":103}},"88":{"start":{"line":89,"column":0},"end":{"line":89,"column":57}},"89":{"start":{"line":90,"column":0},"end":{"line":90,"column":94}},"90":{"start":{"line":91,"column":0},"end":{"line":91,"column":20}},"92":{"start":{"line":93,"column":0},"end":{"line":93,"column":13}},"93":{"start":{"line":94,"column":0},"end":{"line":94,"column":14}},"94":{"start":{"line":95,"column":0},"end":{"line":95,"column":12}},"96":{"start":{"line":97,"column":0},"end":{"line":97,"column":39}},"97":{"start":{"line":98,"column":0},"end":{"line":98,"column":58}},"98":{"start":{"line":99,"column":0},"end":{"line":99,"column":41}},"99":{"start":{"line":100,"column":0},"end":{"line":100,"column":32}},"100":{"start":{"line":101,"column":0},"end":{"line":101,"column":41}},"101":{"start":{"line":102,"column":0},"end":{"line":102,"column":42}},"102":{"start":{"line":103,"column":0},"end":{"line":103,"column":69}},"103":{"start":{"line":104,"column":0},"end":{"line":104,"column":12}},"104":{"start":{"line":105,"column":0},"end":{"line":105,"column":70}},"105":{"start":{"line":106,"column":0},"end":{"line":106,"column":26}},"106":{"start":{"line":107,"column":0},"end":{"line":107,"column":149}},"107":{"start":{"line":108,"column":0},"end":{"line":108,"column":45}},"108":{"start":{"line":109,"column":0},"end":{"line":109,"column":87}},"109":{"start":{"line":110,"column":0},"end":{"line":110,"column":86}},"110":{"start":{"line":111,"column":0},"end":{"line":111,"column":20}},"111":{"start":{"line":112,"column":0},"end":{"line":112,"column":41}},"112":{"start":{"line":113,"column":0},"end":{"line":113,"column":38}},"113":{"start":{"line":114,"column":0},"end":{"line":114,"column":135}},"114":{"start":{"line":115,"column":0},"end":{"line":115,"column":20}},"115":{"start":{"line":116,"column":0},"end":{"line":116,"column":42}},"116":{"start":{"line":117,"column":0},"end":{"line":117,"column":227}},"117":{"start":{"line":118,"column":0},"end":{"line":118,"column":20}},"118":{"start":{"line":119,"column":0},"end":{"line":119,"column":18}},"119":{"start":{"line":120,"column":0},"end":{"line":120,"column":13}},"120":{"start":{"line":121,"column":0},"end":{"line":121,"column":14}},"121":{"start":{"line":122,"column":0},"end":{"line":122,"column":12}},"122":{"start":{"line":123,"column":0},"end":{"line":123,"column":10}},"124":{"start":{"line":125,"column":0},"end":{"line":125,"column":1}}},"s":{"0":1,"7":3,"8":3,"9":3,"11":3,"12":3,"14":3,"15":3,"16":3,"17":3,"19":3,"20":3,"21":3,"22":3,"24":3,"25":3,"26":18,"27":18,"28":3,"29":93,"30":93,"32":3,"33":111,"34":93,"35":186,"36":186,"37":186,"38":186,"39":6,"40":6,"42":93,"43":111,"45":3,"46":0,"47":0,"48":0,"49":0,"50":0,"51":0,"52":0,"53":0,"55":3,"56":3,"57":3,"58":3,"59":3,"60":3,"62":3,"63":3,"64":3,"65":3,"66":3,"67":3,"68":3,"69":3,"70":3,"71":3,"73":3,"74":3,"75":21,"76":3,"77":3,"78":111,"79":111,"80":111,"81":111,"82":111,"83":111,"84":111,"85":111,"86":111,"88":111,"89":111,"90":111,"92":3,"93":3,"94":3,"96":3,"97":3,"98":3,"99":3,"100":6,"101":6,"102":6,"103":3,"104":3,"105":3,"106":6,"107":6,"108":6,"109":6,"110":6,"111":6,"112":6,"113":6,"114":6,"115":6,"116":6,"117":6,"118":6,"119":3,"120":3,"121":3,"122":3,"124":3},"branchMap":{"0":{"type":"branch","line":8,"loc":{"start":{"line":8,"column":0},"end":{"line":125,"column":1}},"locations":[{"start":{"line":8,"column":0},"end":{"line":125,"column":1}}]},"1":{"type":"branch","line":26,"loc":{"start":{"line":26,"column":37},"end":{"line":28,"column":3}},"locations":[{"start":{"line":26,"column":37},"end":{"line":28,"column":3}}]},"2":{"type":"branch","line":29,"loc":{"start":{"line":29,"column":34},"end":{"line":31,"column":3}},"locations":[{"start":{"line":29,"column":34},"end":{"line":31,"column":3}}]},"3":{"type":"branch","line":12,"loc":{"start":{"line":12,"column":22},"end":{"line":12,"column":77}},"locations":[{"start":{"line":12,"column":22},"end":{"line":12,"column":77}}]},"4":{"type":"branch","line":13,"loc":{"start":{"line":13,"column":26},"end":{"line":13,"column":76}},"locations":[{"start":{"line":13,"column":26},"end":{"line":13,"column":76}}]},"5":{"type":"branch","line":33,"loc":{"start":{"line":33,"column":26},"end":{"line":44,"column":3}},"locations":[{"start":{"line":33,"column":26},"end":{"line":44,"column":3}}]},"6":{"type":"branch","line":34,"loc":{"start":{"line":34,"column":14},"end":{"line":34,"column":23}},"locations":[{"start":{"line":34,"column":14},"end":{"line":34,"column":23}}]},"7":{"type":"branch","line":34,"loc":{"start":{"line":34,"column":22},"end":{"line":43,"column":6}},"locations":[{"start":{"line":34,"column":22},"end":{"line":43,"column":6}}]},"8":{"type":"branch","line":35,"loc":{"start":{"line":35,"column":26},"end":{"line":43,"column":5}},"locations":[{"start":{"line":35,"column":26},"end":{"line":43,"column":5}}]},"9":{"type":"branch","line":36,"loc":{"start":{"line":36,"column":28},"end":{"line":36,"column":40}},"locations":[{"start":{"line":36,"column":28},"end":{"line":36,"column":40}}]},"10":{"type":"branch","line":39,"loc":{"start":{"line":39,"column":32},"end":{"line":40,"column":41}},"locations":[{"start":{"line":39,"column":32},"end":{"line":40,"column":41}}]},"11":{"type":"branch","line":40,"loc":{"start":{"line":40,"column":33},"end":{"line":41,"column":40}},"locations":[{"start":{"line":40,"column":33},"end":{"line":41,"column":40}}]},"12":{"type":"branch","line":75,"loc":{"start":{"line":75,"column":51},"end":{"line":76,"column":75}},"locations":[{"start":{"line":75,"column":51},"end":{"line":76,"column":75}}]},"13":{"type":"branch","line":78,"loc":{"start":{"line":78,"column":28},"end":{"line":93,"column":11}},"locations":[{"start":{"line":78,"column":28},"end":{"line":93,"column":11}}]},"14":{"type":"branch","line":84,"loc":{"start":{"line":84,"column":44},"end":{"line":84,"column":60}},"locations":[{"start":{"line":84,"column":44},"end":{"line":84,"column":60}}]},"15":{"type":"branch","line":84,"loc":{"start":{"line":84,"column":50},"end":{"line":84,"column":62}},"locations":[{"start":{"line":84,"column":50},"end":{"line":84,"column":62}}]},"16":{"type":"branch","line":84,"loc":{"start":{"line":84,"column":66},"end":{"line":84,"column":93}},"locations":[{"start":{"line":84,"column":66},"end":{"line":84,"column":93}}]},"17":{"type":"branch","line":84,"loc":{"start":{"line":84,"column":78},"end":{"line":84,"column":95}},"locations":[{"start":{"line":84,"column":78},"end":{"line":84,"column":95}}]},"18":{"type":"branch","line":86,"loc":{"start":{"line":86,"column":22},"end":{"line":86,"column":41}},"locations":[{"start":{"line":86,"column":22},"end":{"line":86,"column":41}}]},"19":{"type":"branch","line":86,"loc":{"start":{"line":86,"column":29},"end":{"line":86,"column":52}},"locations":[{"start":{"line":86,"column":29},"end":{"line":86,"column":52}}]},"20":{"type":"branch","line":86,"loc":{"start":{"line":86,"column":41},"end":{"line":86,"column":62}},"locations":[{"start":{"line":86,"column":41},"end":{"line":86,"column":62}}]},"21":{"type":"branch","line":87,"loc":{"start":{"line":87,"column":28},"end":{"line":87,"column":47}},"locations":[{"start":{"line":87,"column":28},"end":{"line":87,"column":47}}]},"22":{"type":"branch","line":87,"loc":{"start":{"line":87,"column":35},"end":{"line":87,"column":93}},"locations":[{"start":{"line":87,"column":35},"end":{"line":87,"column":93}}]},"23":{"type":"branch","line":87,"loc":{"start":{"line":87,"column":77},"end":{"line":87,"column":103}},"locations":[{"start":{"line":87,"column":77},"end":{"line":87,"column":103}}]},"24":{"type":"branch","line":90,"loc":{"start":{"line":90,"column":17},"end":{"line":90,"column":94}},"locations":[{"start":{"line":90,"column":17},"end":{"line":90,"column":94}}]},"25":{"type":"branch","line":100,"loc":{"start":{"line":100,"column":26},"end":{"line":104,"column":11}},"locations":[{"start":{"line":100,"column":26},"end":{"line":104,"column":11}}]},"26":{"type":"branch","line":101,"loc":{"start":{"line":101,"column":29},"end":{"line":101,"column":41}},"locations":[{"start":{"line":101,"column":29},"end":{"line":101,"column":41}}]},"27":{"type":"branch","line":105,"loc":{"start":{"line":105,"column":16},"end":{"line":105,"column":69}},"locations":[{"start":{"line":105,"column":16},"end":{"line":105,"column":69}}]},"28":{"type":"branch","line":106,"loc":{"start":{"line":106,"column":15},"end":{"line":119,"column":18}},"locations":[{"start":{"line":106,"column":15},"end":{"line":119,"column":18}}]},"29":{"type":"branch","line":107,"loc":{"start":{"line":107,"column":71},"end":{"line":107,"column":135}},"locations":[{"start":{"line":107,"column":71},"end":{"line":107,"column":135}}]}},"b":{"0":[3],"1":[18],"2":[93],"3":[3],"4":[3],"5":[111],"6":[18],"7":[93],"8":[186],"9":[0],"10":[6],"11":[6],"12":[21],"13":[111],"14":[18],"15":[93],"16":[6],"17":[105],"18":[93],"19":[6],"20":[105],"21":[93],"22":[6],"23":[105],"24":[6],"25":[6],"26":[0],"27":[3],"28":[6],"29":[1]},"fnMap":{"0":{"name":"CalendarioView","decl":{"start":{"line":8,"column":0},"end":{"line":125,"column":1}},"loc":{"start":{"line":8,"column":0},"end":{"line":125,"column":1}},"line":8},"1":{"name":"daysInMonth","decl":{"start":{"line":12,"column":22},"end":{"line":12,"column":77}},"loc":{"start":{"line":12,"column":22},"end":{"line":12,"column":77}},"line":12},"2":{"name":"firstDayOfMonth","decl":{"start":{"line":13,"column":26},"end":{"line":13,"column":76}},"loc":{"start":{"line":13,"column":26},"end":{"line":13,"column":76}},"line":13},"3":{"name":"getEventsForDay","decl":{"start":{"line":33,"column":26},"end":{"line":44,"column":3}},"loc":{"start":{"line":33,"column":26},"end":{"line":44,"column":3}},"line":33},"4":{"name":"handleDayClick","decl":{"start":{"line":46,"column":25},"end":{"line":54,"column":3}},"loc":{"start":{"line":46,"column":25},"end":{"line":54,"column":3}},"line":46},"5":{"name":"onClick","decl":{"start":{"line":65,"column":27},"end":{"line":65,"column":77}},"loc":{"start":{"line":65,"column":27},"end":{"line":65,"column":77}},"line":65},"6":{"name":"onClick","decl":{"start":{"line":69,"column":27},"end":{"line":69,"column":77}},"loc":{"start":{"line":69,"column":27},"end":{"line":69,"column":77}},"line":69},"7":{"name":"onClick","decl":{"start":{"line":85,"column":25},"end":{"line":85,"column":71}},"loc":{"start":{"line":85,"column":25},"end":{"line":85,"column":71}},"line":85},"8":{"name":"onClick","decl":{"start":{"line":107,"column":71},"end":{"line":107,"column":135}},"loc":{"start":{"line":107,"column":71},"end":{"line":107,"column":135}},"line":107}},"f":{"0":3,"1":3,"2":3,"3":111,"4":0,"5":0,"6":0,"7":0,"8":1}}
,"C:\\Users\\gusta\\Desktop\\igreja-crista-renovada\\src\\components\\EventoDetalhes\\EventoDetalhes.jsx": {"path":"C:\\Users\\gusta\\Desktop\\igreja-crista-renovada\\src\\components\\EventoDetalhes\\EventoDetalhes.jsx","all":false,"statementMap":{"0":{"start":{"line":1,"column":0},"end":{"line":1,"column":56}},"7":{"start":{"line":8,"column":0},"end":{"line":8,"column":42}},"8":{"start":{"line":9,"column":0},"end":{"line":9,"column":9}},"9":{"start":{"line":10,"column":0},"end":{"line":10,"column":18}},"10":{"start":{"line":11,"column":0},"end":{"line":11,"column":9}},"11":{"start":{"line":12,"column":0},"end":{"line":12,"column":22}},"12":{"start":{"line":13,"column":0},"end":{"line":13,"column":21}},"13":{"start":{"line":14,"column":0},"end":{"line":14,"column":14}},"14":{"start":{"line":15,"column":0},"end":{"line":15,"column":18}},"15":{"start":{"line":16,"column":0},"end":{"line":16,"column":21}},"17":{"start":{"line":18,"column":0},"end":{"line":18,"column":33}},"19":{"start":{"line":20,"column":0},"end":{"line":20,"column":84}},"21":{"start":{"line":22,"column":0},"end":{"line":22,"column":33}},"22":{"start":{"line":23,"column":0},"end":{"line":23,"column":39}},"23":{"start":{"line":24,"column":0},"end":{"line":24,"column":3}},"25":{"start":{"line":26,"column":0},"end":{"line":26,"column":34}},"26":{"start":{"line":27,"column":0},"end":{"line":27,"column":51}},"27":{"start":{"line":28,"column":0},"end":{"line":28,"column":26}},"29":{"start":{"line":30,"column":0},"end":{"line":30,"column":10}},"30":{"start":{"line":31,"column":0},"end":{"line":31,"column":26}},"31":{"start":{"line":32,"column":0},"end":{"line":32,"column":38}},"32":{"start":{"line":33,"column":0},"end":{"line":33,"column":76}},"33":{"start":{"line":34,"column":0},"end":{"line":34,"column":222}},"35":{"start":{"line":36,"column":0},"end":{"line":36,"column":17}},"36":{"start":{"line":37,"column":0},"end":{"line":37,"column":35}},"37":{"start":{"line":38,"column":0},"end":{"line":38,"column":15}},"39":{"start":{"line":40,"column":0},"end":{"line":40,"column":42}},"40":{"start":{"line":41,"column":0},"end":{"line":41,"column":39}},"41":{"start":{"line":42,"column":0},"end":{"line":42,"column":43}},"42":{"start":{"line":43,"column":0},"end":{"line":43,"column":41}},"43":{"start":{"line":44,"column":0},"end":{"line":44,"column":81}},"44":{"start":{"line":45,"column":0},"end":{"line":45,"column":16}},"46":{"start":{"line":47,"column":0},"end":{"line":47,"column":41}},"47":{"start":{"line":48,"column":0},"end":{"line":48,"column":41}},"48":{"start":{"line":49,"column":0},"end":{"line":49,"column":45}},"49":{"start":{"line":50,"column":0},"end":{"line":50,"column":366}},"50":{"start":{"line":51,"column":0},"end":{"line":51,"column":21}},"51":{"start":{"line":52,"column":0},"end":{"line":52,"column":47}},"52":{"start":{"line":53,"column":0},"end":{"line":53,"column":45}},"53":{"start":{"line":54,"column":0},"end":{"line":54,"column":46}},"54":{"start":{"line":55,"column":0},"end":{"line":55,"column":20}},"55":{"start":{"line":56,"column":0},"end":{"line":56,"column":18}},"57":{"start":{"line":58,"column":0},"end":{"line":58,"column":41}},"58":{"start":{"line":59,"column":0},"end":{"line":59,"column":45}},"59":{"start":{"line":60,"column":0},"end":{"line":60,"column":283}},"60":{"start":{"line":61,"column":0},"end":{"line":61,"column":21}},"61":{"start":{"line":62,"column":0},"end":{"line":62,"column":47}},"62":{"start":{"line":63,"column":0},"end":{"line":63,"column":51}},"63":{"start":{"line":64,"column":0},"end":{"line":64,"column":45}},"64":{"start":{"line":65,"column":0},"end":{"line":65,"column":20}},"65":{"start":{"line":66,"column":0},"end":{"line":66,"column":18}},"67":{"start":{"line":68,"column":0},"end":{"line":68,"column":41}},"68":{"start":{"line":69,"column":0},"end":{"line":69,"column":45}},"69":{"start":{"line":70,"column":0},"end":{"line":70,"column":289}},"70":{"start":{"line":71,"column":0},"end":{"line":71,"column":21}},"71":{"start":{"line":72,"column":0},"end":{"line":72,"column":47}},"72":{"start":{"line":73,"column":0},"end":{"line":73,"column":42}},"73":{"start":{"line":74,"column":0},"end":{"line":74,"column":44}},"74":{"start":{"line":75,"column":0},"end":{"line":75,"column":20}},"75":{"start":{"line":76,"column":0},"end":{"line":76,"column":18}},"77":{"start":{"line":78,"column":0},"end":{"line":78,"column":90}},"79":{"start":{"line":80,"column":0},"end":{"line":80,"column":49}},"80":{"start":{"line":81,"column":0},"end":{"line":81,"column":47}},"81":{"start":{"line":82,"column":0},"end":{"line":82,"column":45}},"82":{"start":{"line":83,"column":0},"end":{"line":83,"column":76}},"83":{"start":{"line":84,"column":0},"end":{"line":84,"column":20}},"84":{"start":{"line":85,"column":0},"end":{"line":85,"column":18}},"86":{"start":{"line":87,"column":0},"end":{"line":87,"column":36}},"87":{"start":{"line":88,"column":0},"end":{"line":88,"column":114}},"88":{"start":{"line":89,"column":0},"end":{"line":89,"column":39}},"89":{"start":{"line":90,"column":0},"end":{"line":90,"column":292}},"90":{"start":{"line":91,"column":0},"end":{"line":91,"column":23}},"92":{"start":{"line":93,"column":0},"end":{"line":93,"column":18}},"95":{"start":{"line":96,"column":0},"end":{"line":96,"column":47}},"96":{"start":{"line":97,"column":0},"end":{"line":97,"column":76}},"97":{"start":{"line":98,"column":0},"end":{"line":98,"column":44}},"98":{"start":{"line":99,"column":0},"end":{"line":99,"column":48}},"99":{"start":{"line":100,"column":0},"end":{"line":100,"column":54}},"100":{"start":{"line":101,"column":0},"end":{"line":101,"column":63}},"101":{"start":{"line":102,"column":0},"end":{"line":102,"column":28}},"102":{"start":{"line":103,"column":0},"end":{"line":103,"column":27}},"103":{"start":{"line":104,"column":0},"end":{"line":104,"column":21}},"104":{"start":{"line":105,"column":0},"end":{"line":105,"column":22}},"106":{"start":{"line":107,"column":0},"end":{"line":107,"column":82}},"108":{"start":{"line":109,"column":0},"end":{"line":109,"column":18}},"109":{"start":{"line":110,"column":0},"end":{"line":110,"column":16}},"111":{"start":{"line":112,"column":0},"end":{"line":112,"column":43}},"112":{"start":{"line":113,"column":0},"end":{"line":113,"column":29}},"113":{"start":{"line":114,"column":0},"end":{"line":114,"column":21}},"114":{"start":{"line":115,"column":0},"end":{"line":115,"column":61}},"115":{"start":{"line":116,"column":0},"end":{"line":116,"column":66}},"117":{"start":{"line":118,"column":0},"end":{"line":118,"column":45}},"118":{"start":{"line":119,"column":0},"end":{"line":119,"column":237}},"119":{"start":{"line":120,"column":0},"end":{"line":120,"column":67}},"120":{"start":{"line":121,"column":0},"end":{"line":121,"column":23}},"122":{"start":{"line":123,"column":0},"end":{"line":123,"column":21}},"123":{"start":{"line":124,"column":0},"end":{"line":124,"column":50}},"124":{"start":{"line":125,"column":0},"end":{"line":125,"column":41}},"125":{"start":{"line":126,"column":0},"end":{"line":126,"column":15}},"127":{"start":{"line":128,"column":0},"end":{"line":128,"column":23}},"129":{"start":{"line":130,"column":0},"end":{"line":130,"column":88}},"130":{"start":{"line":131,"column":0},"end":{"line":131,"column":16}},"131":{"start":{"line":132,"column":0},"end":{"line":132,"column":14}},"132":{"start":{"line":133,"column":0},"end":{"line":133,"column":12}},"133":{"start":{"line":134,"column":0},"end":{"line":134,"column":10}},"135":{"start":{"line":136,"column":0},"end":{"line":136,"column":1}}},"s":{"0":1,"7":3,"8":3,"9":3,"10":3,"11":3,"12":3,"13":3,"14":3,"15":3,"17":3,"19":3,"21":3,"22":0,"23":0,"25":3,"26":3,"27":3,"29":3,"30":3,"31":3,"32":3,"33":3,"35":3,"36":3,"37":3,"39":3,"40":3,"41":3,"42":3,"43":3,"44":3,"46":3,"47":3,"48":3,"49":3,"50":3,"51":3,"52":3,"53":3,"54":3,"55":3,"57":3,"58":3,"59":3,"60":3,"61":3,"62":3,"63":3,"64":3,"65":3,"67":3,"68":3,"69":3,"70":3,"71":3,"72":3,"73":3,"74":3,"75":3,"77":3,"79":3,"80":3,"81":3,"82":3,"83":3,"84":3,"86":3,"87":3,"88":3,"89":3,"90":3,"92":3,"95":3,"96":3,"97":3,"98":3,"99":3,"100":6,"101":6,"102":6,"103":3,"104":3,"106":0,"108":3,"109":3,"111":3,"112":3,"113":3,"114":3,"115":3,"117":3,"118":3,"119":3,"120":3,"122":0,"123":0,"124":0,"125":0,"127":0,"129":3,"130":3,"131":3,"132":3,"133":3,"135":3},"branchMap":{"0":{"type":"branch","line":8,"loc":{"start":{"line":8,"column":0},"end":{"line":136,"column":1}},"locations":[{"start":{"line":8,"column":0},"end":{"line":136,"column":1}}]},"1":{"type":"branch","line":18,"loc":{"start":{"line":18,"column":22},"end":{"line":18,"column":33}},"locations":[{"start":{"line":18,"column":22},"end":{"line":18,"column":33}}]},"2":{"type":"branch","line":20,"loc":{"start":{"line":20,"column":74},"end":{"line":20,"column":84}},"locations":[{"start":{"line":20,"column":74},"end":{"line":20,"column":84}}]},"3":{"type":"branch","line":105,"loc":{"start":{"line":105,"column":16},"end":{"line":107,"column":82}},"locations":[{"start":{"line":105,"column":16},"end":{"line":107,"column":82}}]},"4":{"type":"branch","line":121,"loc":{"start":{"line":121,"column":14},"end":{"line":128,"column":23}},"locations":[{"start":{"line":121,"column":14},"end":{"line":128,"column":23}}]},"5":{"type":"branch","line":27,"loc":{"start":{"line":27,"column":12},"end":{"line":27,"column":50}},"locations":[{"start":{"line":27,"column":12},"end":{"line":27,"column":50}}]},"6":{"type":"branch","line":28,"loc":{"start":{"line":28,"column":9},"end":{"line":28,"column":25}},"locations":[{"start":{"line":28,"column":9},"end":{"line":28,"column":25}}]},"7":{"type":"branch","line":33,"loc":{"start":{"line":33,"column":25},"end":{"line":33,"column":55}},"locations":[{"start":{"line":33,"column":25},"end":{"line":33,"column":55}}]},"8":{"type":"branch","line":100,"loc":{"start":{"line":100,"column":38},"end":{"line":103,"column":27}},"locations":[{"start":{"line":100,"column":38},"end":{"line":103,"column":27}}]},"9":{"type":"branch","line":116,"loc":{"start":{"line":116,"column":25},"end":{"line":116,"column":66}},"locations":[{"start":{"line":116,"column":25},"end":{"line":116,"column":66}}]}},"b":{"0":[3],"1":[0],"2":[0],"3":[0],"4":[0],"5":[6],"6":[6],"7":[1],"8":[6],"9":[1]},"fnMap":{"0":{"name":"EventoDetalhes","decl":{"start":{"line":8,"column":0},"end":{"line":136,"column":1}},"loc":{"start":{"line":8,"column":0},"end":{"line":136,"column":1}},"line":8},"1":{"name":"handleConfirmar","decl":{"start":{"line":22,"column":26},"end":{"line":24,"column":3}},"loc":{"start":{"line":22,"column":26},"end":{"line":24,"column":3}},"line":22},"2":{"name":"onClick","decl":{"start":{"line":33,"column":25},"end":{"line":33,"column":55}},"loc":{"start":{"line":33,"column":25},"end":{"line":33,"column":55}},"l
[...]
,"column":0},"end":{"line":300,"column":13}},"300":{"start":{"line":301,"column":0},"end":{"line":301,"column":44}},"301":{"start":{"line":302,"column":0},"end":{"line":302,"column":5}},"302":{"start":{"line":303,"column":0},"end":{"line":303,"column":3}},"304":{"start":{"line":305,"column":0},"end":{"line":305,"column":24}},"305":{"start":{"line":306,"column":0},"end":{"line":306,"column":9}},"306":{"start":{"line":307,"column":0},"end":{"line":307,"column":12}},"307":{"start":{"line":308,"column":0},"end":{"line":308,"column":10}},"308":{"start":{"line":309,"column":0},"end":{"line":309,"column":13}},"309":{"start":{"line":310,"column":0},"end":{"line":310,"column":16}},"310":{"start":{"line":311,"column":0},"end":{"line":311,"column":16}},"311":{"start":{"line":312,"column":0},"end":{"line":312,"column":19}},"312":{"start":{"line":313,"column":0},"end":{"line":313,"column":18}},"313":{"start":{"line":314,"column":0},"end":{"line":314,"column":21}},"314":{"start":{"line":315,"column":0},"end":{"line":315,"column":17}},"315":{"start":{"line":316,"column":0},"end":{"line":316,"column":20}},"316":{"start":{"line":317,"column":0},"end":{"line":317,"column":12}},"317":{"start":{"line":318,"column":0},"end":{"line":318,"column":22}},"318":{"start":{"line":319,"column":0},"end":{"line":319,"column":21}},"319":{"start":{"line":320,"column":0},"end":{"line":320,"column":14}},"320":{"start":{"line":321,"column":0},"end":{"line":321,"column":20}},"321":{"start":{"line":322,"column":0},"end":{"line":322,"column":20}},"322":{"start":{"line":323,"column":0},"end":{"line":323,"column":18}},"323":{"start":{"line":324,"column":0},"end":{"line":324,"column":16}},"324":{"start":{"line":325,"column":0},"end":{"line":325,"column":19}},"325":{"start":{"line":326,"column":0},"end":{"line":326,"column":16}},"326":{"start":{"line":327,"column":0},"end":{"line":327,"column":15}},"327":{"start":{"line":328,"column":0},"end":{"line":328,"column":15}},"328":{"start":{"line":329,"column":0},"end":{"line":329,"column":3}},"330":{"start":{"line":331,"column":0},"end":{"line":331,"column":10}},"331":{"start":{"line":332,"column":0},"end":{"line":332,"column":46}},"332":{"start":{"line":333,"column":0},"end":{"line":333,"column":16}},"333":{"start":{"line":334,"column":0},"end":{"line":334,"column":26}},"335":{"start":{"line":336,"column":0},"end":{"line":336,"column":1}}},"s":{"0":0,"5":0,"7":0,"8":0,"9":0,"10":0,"11":0,"12":0,"13":0,"15":0,"16":0,"17":0,"18":0,"19":0,"20":0,"21":0,"22":0,"23":0,"24":0,"25":0,"26":0,"27":0,"28":0,"30":0,"31":0,"32":0,"34":0,"35":0,"36":0,"38":0,"39":0,"40":0,"42":0,"43":0,"44":0,"45":0,"46":0,"47":0,"48":0,"49":0,"51":0,"52":0,"53":0,"54":0,"55":0,"56":0,"57":0,"58":0,"59":0,"60":0,"61":0,"62":0,"63":0,"66":0,"67":0,"68":0,"69":0,"70":0,"72":0,"73":0,"74":0,"75":0,"76":0,"77":0,"78":0,"79":0,"80":0,"81":0,"82":0,"83":0,"84":0,"86":0,"87":0,"88":0,"91":0,"92":0,"93":0,"94":0,"95":0,"96":0,"97":0,"98":0,"99":0,"100":0,"101":0,"102":0,"103":0,"104":0,"105":0,"106":0,"107":0,"108":0,"109":0,"110":0,"111":0,"112":0,"113":0,"114":0,"115":0,"116":0,"117":0,"118":0,"119":0,"120":0,"121":0,"122":0,"123":0,"125":0,"126":0,"127":0,"128":0,"129":0,"130":0,"131":0,"133":0,"134":0,"135":0,"136":0,"137":0,"138":0,"139":0,"140":0,"142":0,"143":0,"144":0,"145":0,"146":0,"147":0,"149":0,"150":0,"151":0,"152":0,"153":0,"154":0,"155":0,"156":0,"158":0,"159":0,"160":0,"161":0,"162":0,"163":0,"164":0,"165":0,"166":0,"167":0,"168":0,"169":0,"170":0,"171":0,"173":0,"174":0,"175":0,"176":0,"177":0,"178":0,"179":0,"180":0,"181":0,"182":0,"183":0,"184":0,"185":0,"186":0,"187":0,"188":0,"189":0,"190":0,"191":0,"193":0,"194":0,"195":0,"196":0,"197":0,"198":0,"199":0,"200":0,"201":0,"202":0,"203":0,"204":0,"205":0,"206":0,"207":0,"208":0,"209":0,"210":0,"211":0,"213":0,"214":0,"215":0,"216":0,"217":0,"218":0,"219":0,"220":0,"221":0,"222":0,"223":0,"225":0,"226":0,"227":0,"228":0,"229":0,"230":0,"231":0,"232":0,"233":0,"234":0,"235":0,"236":0,"237":0,"238":0,"239":0,"240":0,"241":0,"242":0,"243":0,"244":0,"246":0,"247":0,"248":0,"249":0,"250":0,"251":0,"253":0,"254":0,"255":0,"256":0,"257":0,"258":0,"259":0,"260":0,"261":0,"262":0,"263":0,"265":0,"266":0,"267":0,"268":0,"269":0,"270":0,"271":0,"272":0,"273":0,"274":0,"275":0,"276":0,"277":0,"278":0,"279":0,"280":0,"281":0,"282":0,"283":0,"284":0,"286":0,"287":0,"288":0,"289":0,"290":0,"291":0,"293":0,"294":0,"295":0,"296":0,"297":0,"298":0,"299":0,"300":0,"301":0,"302":0,"304":0,"305":0,"306":0,"307":0,"308":0,"309":0,"310":0,"311":0,"312":0,"313":0,"314":0,"315":0,"316":0,"317":0,"318":0,"319":0,"320":0,"321":0,"322":0,"323":0,"324":0,"325":0,"326":0,"327":0,"328":0,"330":0,"331":0,"332":0,"333":0,"335":0},"branchMap":{"0":{"type":"branch","line":1,"loc":{"start":{"line":1,"column":0},"end":{"line":336,"column":-1083}},"locations":[{"start":{"line":1,"column":0},"end":{"line":336,"column":-1083}}]}},"b":{"0":[0]},"fnMap":{"0":{"name":"(empty-report)","decl":{"start":{"line":1,"column":0},"end":{"line":336,"column":-1083}},"loc":{"start":{"line":1,"column":0},"end":{"line":336,"column":-1083}},"line":1}},"f":{"0":0}}
,"C:\\Users\\gusta\\Desktop\\igreja-crista-renovada\\src\\services\\api.js": {"path":"C:\\Users\\gusta\\Desktop\\igreja-crista-renovada\\src\\services\\api.js","all":false,"statementMap":{"0":{"start":{"line":1,"column":0},"end":{"line":1,"column":71}},"1":{"start":{"line":2,"column":0},"end":{"line":2,"column":69}},"3":{"start":{"line":4,"column":0},"end":{"line":4,"column":32}},"4":{"start":{"line":5,"column":0},"end":{"line":5,"column":37}},"5":{"start":{"line":6,"column":0},"end":{"line":6,"column":25}},"6":{"start":{"line":7,"column":0},"end":{"line":7,"column":35}},"7":{"start":{"line":8,"column":0},"end":{"line":8,"column":1}},"9":{"start":{"line":10,"column":0},"end":{"line":10,"column":3}},"10":{"start":{"line":11,"column":0},"end":{"line":11,"column":38}},"11":{"start":{"line":12,"column":0},"end":{"line":12,"column":3}},"12":{"start":{"line":13,"column":0},"end":{"line":13,"column":28}},"13":{"start":{"line":14,"column":0},"end":{"line":14,"column":32}},"14":{"start":{"line":15,"column":0},"end":{"line":15,"column":95}},"15":{"start":{"line":16,"column":0},"end":{"line":16,"column":20}},"16":{"start":{"line":17,"column":0},"end":{"line":17,"column":30}},"17":{"start":{"line":18,"column":0},"end":{"line":18,"column":6}},"18":{"start":{"line":19,"column":0},"end":{"line":19,"column":50}},"19":{"start":{"line":20,"column":0},"end":{"line":20,"column":33}},"20":{"start":{"line":21,"column":0},"end":{"line":21,"column":15}},"21":{"start":{"line":22,"column":0},"end":{"line":22,"column":4}},"23":{"start":{"line":24,"column":0},"end":{"line":24,"column":41}},"24":{"start":{"line":25,"column":0},"end":{"line":25,"column":53}},"25":{"start":{"line":26,"column":0},"end":{"line":26,"column":21}},"26":{"start":{"line":27,"column":0},"end":{"line":27,"column":31}},"27":{"start":{"line":28,"column":0},"end":{"line":28,"column":53}},"28":{"start":{"line":29,"column":0},"end":{"line":29,"column":6}},"29":{"start":{"line":30,"column":0},"end":{"line":30,"column":14}},"30":{"start":{"line":31,"column":0},"end":{"line":31,"column":3}},"31":{"start":{"line":32,"column":0},"end":{"line":32,"column":1}},"33":{"start":{"line":34,"column":0},"end":{"line":34,"column":3}},"34":{"start":{"line":35,"column":0},"end":{"line":35,"column":33}},"35":{"start":{"line":36,"column":0},"end":{"line":36,"column":3}},"36":{"start":{"line":37,"column":0},"end":{"line":37,"column":29}},"37":{"start":{"line":38,"column":0},"end":{"line":38,"column":23}},"38":{"start":{"line":39,"column":0},"end":{"line":39,"column":56}},"39":{"start":{"line":40,"column":0},"end":{"line":40,"column":20}},"40":{"start":{"line":41,"column":0},"end":{"line":41,"column":30}},"41":{"start":{"line":42,"column":0},"end":{"line":42,"column":6}},"42":{"start":{"line":43,"column":0},"end":{"line":43,"column":61}},"43":{"start":{"line":44,"column":0},"end":{"line":44,"column":21}},"44":{"start":{"line":45,"column":0},"end":{"line":45,"column":4}},"46":{"start":{"line":47,"column":0},"end":{"line":47,"column":28}},"47":{"start":{"line":48,"column":0},"end":{"line":48,"column":56}},"48":{"start":{"line":49,"column":0},"end":{"line":49,"column":21}},"49":{"start":{"line":50,"column":0},"end":{"line":50,"column":31}},"50":{"start":{"line":51,"column":0},"end":{"line":51,"column":36}},"51":{"start":{"line":52,"column":0},"end":{"line":52,"column":6}},"52":{"start":{"line":53,"column":0},"end":{"line":53,"column":61}},"53":{"start":{"line":54,"column":0},"end":{"line":54,"column":21}},"54":{"start":{"line":55,"column":0},"end":{"line":55,"column":4}},"56":{"start":{"line":57,"column":0},"end":{"line":57,"column":35}},"57":{"start":{"line":58,"column":0},"end":{"line":58,"column":68}},"58":{"start":{"line":59,"column":0},"end":{"line":59,"column":22}},"59":{"start":{"line":60,"column":0},"end":{"line":60,"column":31}},"60":{"start":{"line":61,"column":0},"end":{"line":61,"column":36}},"61":{"start":{"line":62,"column":0},"end":{"line":62,"column":6}},"62":{"start":{"line":63,"column":0},"end":{"line":63,"column":61}},"63":{"start":{"line":64,"column":0},"end":{"line":64,"column":21}},"64":{"start":{"line":65,"column":0},"end":{"line":65,"column":4}},"66":{"start":{"line":67,"column":0},"end":{"line":67,"column":25}},"67":{"start":{"line":68,"column":0},"end":{"line":68,"column":68}},"68":{"start":{"line":69,"column":0},"end":{"line":69,"column":23}},"69":{"start":{"line":70,"column":0},"end":{"line":70,"column":30}},"70":{"start":{"line":71,"column":0},"end":{"line":71,"column":6}},"71":{"start":{"line":72,"column":0},"end":{"line":72,"column":59}},"72":{"start":{"line":73,"column":0},"end":{"line":73,"column":14}},"73":{"start":{"line":74,"column":0},"end":{"line":74,"column":3}},"74":{"start":{"line":75,"column":0},"end":{"line":75,"column":1}},"76":{"start":{"line":77,"column":0},"end":{"line":77,"column":3}},"77":{"start":{"line":78,"column":0},"end":{"line":78,"column":40}},"78":{"start":{"line":79,"column":0},"end":{"line":79,"column":3}},"79":{"start":{"line":80,"column":0},"end":{"line":80,"column":34}},"80":{"start":{"line":81,"column":0},"end":{"line":81,"column":31}},"81":{"start":{"line":82,"column":0},"end":{"line":82,"column":59}},"82":{"start":{"line":83,"column":0},"end":{"line":83,"column":20}},"83":{"start":{"line":84,"column":0},"end":{"line":84,"column":30}},"84":{"start":{"line":85,"column":0},"end":{"line":85,"column":6}},"85":{"start":{"line":86,"column":0},"end":{"line":86,"column":63}},"86":{"start":{"line":87,"column":0},"end":{"line":87,"column":21}},"87":{"start":{"line":88,"column":0},"end":{"line":88,"column":4}},"89":{"start":{"line":90,"column":0},"end":{"line":90,"column":38}},"90":{"start":{"line":91,"column":0},"end":{"line":91,"column":80}},"91":{"start":{"line":92,"column":0},"end":{"line":92,"column":20}},"92":{"start":{"line":93,"column":0},"end":{"line":93,"column":30}},"93":{"start":{"line":94,"column":0},"end":{"line":94,"column":6}},"94":{"start":{"line":95,"column":0},"end":{"line":95,"column":72}},"95":{"start":{"line":96,"column":0},"end":{"line":96,"column":21}},"96":{"start":{"line":97,"column":0},"end":{"line":97,"column":4}},"98":{"start":{"line":99,"column":0},"end":{"line":99,"column":44}},"99":{"start":{"line":100,"column":0},"end":{"line":100,"column":59}},"100":{"start":{"line":101,"column":0},"end":{"line":101,"column":21}},"101":{"start":{"line":102,"column":0},"end":{"line":102,"column":31}},"102":{"start":{"line":103,"column":0},"end":{"line":103,"column":28}},"103":{"start":{"line":104,"column":0},"end":{"line":104,"column":24}},"104":{"start":{"line":105,"column":0},"end":{"line":105,"column":29}},"105":{"start":{"line":106,"column":0},"end":{"line":106,"column":8}},"106":{"start":{"line":107,"column":0},"end":{"line":107,"column":6}},"107":{"start":{"line":108,"column":0},"end":{"line":108,"column":14}},"108":{"start":{"line":109,"column":0},"end":{"line":109,"column":4}},"110":{"start":{"line":111,"column":0},"end":{"line":111,"column":43}},"111":{"start":{"line":112,"column":0},"end":{"line":112,"column":107}},"112":{"start":{"line":113,"column":0},"end":{"line":113,"column":23}},"113":{"start":{"line":114,"column":0},"end":{"line":114,"column":30}},"114":{"start":{"line":115,"column":0},"end":{"line":115,"column":6}},"115":{"start":{"line":116,"column":0},"end":{"line":116,"column":14}},"116":{"start":{"line":117,"column":0},"end":{"line":117,"column":3}},"117":{"start":{"line":118,"column":0},"end":{"line":118,"column":1}}},"s":{"0":1,"1":1,"3":1,"4":1,"5":1,"6":1,"7":1,"9":1,"10":1,"11":1,"12":1,"13":1,"14":1,"15":1,"16":1,"17":1,"18":1,"19":1,"20":1,"21":1,"23":1,"24":1,"25":1,"26":1,"27":1,"28":1,"29":1,"30":1,"31":1,"33":1,"34":1,"35":1,"36":1,"37":1,"38":1,"39":1,"40":1,"41":1,"42":1,"43":1,"44":1,"46":1,"47":1,"48":1,"49":1,"50":1,"51":1,"52":1,"53":1,"54":1,"56":1,"57":1,"58":1,"59":1,"60":1,"61":1,"62":1,"63":1,"64":1,"66":1,"67":1,"68":1,"69":1,"70":1,"71":1,"72":1,"73":1,"74":1,"76":1,"77":1,"78":1,"79":1,"80":1,"81":0,"82":0,"83":0,"84":0,"85":0,"86":0,"87":1,"89":1,"90":0,"91":0,"92":0,"93":0,"94":0,"95":0,"96":1,"98":1,"99":1,"100":1,"101":1,"102":1,"103":1,"104":1,"105":1,"106":1,"107":1,"108":1,"110":1,"111":1,"112":1,"113":1,"114":1,"115":1,"116":1,"117":1},"branchMap":{"0":{"type":"branch","line":14,"loc":{"start":{"line":14,"column":2},"end":{"line":22,"column":3}},"locations":[{"start":{"line":14,"column":2},"end":{"line":22,"column":3}}]},"1":{"type":"branch","line":19,"loc":{"start":{"line":19,"column":17},"end":{"line":19,"column":50}},"locations":[{"start":{"line":19,"column":17},"end":{"line":19,"column":50}}]},"2":{"type":"branch","line":24,"loc":{"start":{"line":24,"column":2},"end":{"line":31,"column":3}},"locations":[{"start":{"line":24,"column":2},"end":{"line":31,"column":3}}]},"3":{"type":"branch","line":38,"loc":{"start":{"line":38,"column":2},"end":{"line":45,"column":3}},"locations":[{"start":{"line":38,"column":2},"end":{"line":45,"column":3}}]},"4":{"type":"branch","line":43,"loc":{"start":{"line":43,"column":17},"end":{"line":43,"column":61}},"locations":[{"start":{"line":43,"column":17},"end":{"line":43,"column":61}}]},"5":{"type":"branch","line":47,"loc":{"start":{"line":47,"column":2},"end":{"line":55,"column":3}},"locations":[{"start":{"line":47,"column":2},"end":{"line":55,"column":3}}]},"6":{"type":"branch","line":53,"loc":{"start":{"line":53,"column":17},"end":{"line":53,"column":61}},"locations":[{"start":{"line":53,"column":17},"end":{"line":53,"column":61}}]},"7":{"type":"branch","line":57,"loc":{"start":{"line":57,"column":2},"end":{"line":65,"column":3}},"locations":[{"start":{"line":57,"column":2},"end":{"line":65,"column":3}}]},"8":{"type":"branch","line":63,"loc":{"start":{"line":63,"column":17},"end":{"line":63,"column":61}},"locations":[{"start":{"line":63,"column":17},"end":{"line":63,"column":61}}]},"9":{"type":"branch","line":67,"loc":{"start":{"line":67,"column":2},"end":{"line":74,"column":3}},"locations":[{"start":{"line":67,"column":2},"end":{"line":74,"column":3}}]},"10":{"type":"branch","line":72,"loc":{"start":{"line":72,"column":17},"end":{"line":72,"column":59}},"locations":[{"start":{"line":72,"column":17},"end":{"line":72,"column":59}}]},"11":{"type":"branch","line":99,"loc":{"start":{"line":99,"column":2},"end":{"line":109,"column":3}},"locations":[{"start":{"line":99,"column":2},"end":{"line":109,"column":3}}]},"12":{"type":"branch","line":111,"loc":{"start":{"line":111,"column":2},"end":{"line":117,"column":3}},"locations":[{"start":{"line":111,"column":2},"end":{"line":117,"column":3}}]}},"b":{"0":[1],"1":[0],"2":[1],"3":[1],"4":[0],"5":[1],"6":[0],"7":[1],"8":[0],"9":[1],"10":[0],"11":[1],"12":[1]},"fnMap":{"0":{"name":"login","decl":{"start":{"line":14,"column":2},"end":{"line":22,"column":3}},"loc":{"start":{"line":14,"column":2},"end":{"line":22,"column":3}},"line":14},"1":{"name":"register","decl":{"start":{"line":24,"column":2},"end":{"line":31,"column":3}},"loc":{"start":{"line":24,"column":2},"end":{"line":31,"column":3}},"line":24},"2":{"name":"fetchEvents","decl":{"start":{"line":38,"column":2},"end":{"line":45,"column":3}},"loc":{"start":{"line":38,"column":2},"end":{"line":45,"column":3}},"line":38},"3":{"name":"addEvent","decl":{"start":{"line":47,"column":2},"end":{"line":55,"column":3}},"loc":{"start":{"line":47,"column":2},"end":{"line":55,"column":3}},"line":47},"4":{"name":"updateEvent","decl":{"start":{"line":57,"column":2},"end":{"line":65,"column":3}},"loc":{"start":{"line":57,"column":2},"end":{"line":65,"column":3}},"line":57},"5":{"name":"deleteEvent","decl":{"start":{"line":67,"column":2},"end":{"line":74,"column":3}},"loc":{"start":{"line":67,"column":2},"end":{"line":74,"column":3}},"line":67},"6":{"name":"fetchAllAttendances","decl":{"start":{"line":81,"column":2},"end":{"line":88,"column":3}},"loc":{"start":{"line":81,"column":2},"end":{"line":88,"column":3}},"line":81},"7":{"name":"fetchUserAttendances","decl":{"start":{"line":90,"column":2},"end":{"line":97,"column":3}},"loc":{"start":{"line":90,"column":2},"end":{"line":97,"column":3}},"line":90},"8":{"name":"confirmPresence","decl":{"start":{"line":99,"column":2},"end":{"line":109,"column":3}},"loc":{"start":{"line":99,"column":2},"end":{"line":109,"column":3}},"line":99},"9":{"name":"cancelPresence","decl":{"start":{"line":111,"column":2},"end":{"line":117,"column":3}},"loc":{"start":{"line":111,"column":2},"end":{"line":117,"column":3}},"line":111}},"f":{"0":1,"1":1,"2":1,"3":1,"4":1,"5":1,"6":0,"7":0,"8":1,"9":1}}
,"C:\\Users\\gusta\\Desktop\\igreja-crista-renovada\\src\\utils\\date.js": {"path":"C:\\Users\\gusta\\Desktop\\igreja-crista-renovada\\src\\utils\\date.js","all":false,"statementMap":{"0":{"start":{"line":1,"column":0},"end":{"line":1,"column":3}},"1":{"start":{"line":2,"column":0},"end":{"line":2,"column":100}},"2":{"start":{"line":3,"column":0},"end":{"line":3,"column":2}},"3":{"start":{"line":4,"column":0},"end":{"line":4,"column":66}},"4":{"start":{"line":5,"column":0},"end":{"line":5,"column":93}},"5":{"start":{"line":6,"column":0},"end":{"line":6,"column":3}},"6":{"start":{"line":7,"column":0},"end":{"line":7,"column":53}},"7":{"start":{"line":8,"column":0},"end":{"line":8,"column":45}},"8":{"start":{"line":9,"column":0},"end":{"line":9,"column":29}},"9":{"start":{"line":10,"column":0},"end":{"line":10,"column":30}},"10":{"start":{"line":11,"column":0},"end":{"line":11,"column":57}},"11":{"start":{"line":12,"column":0},"end":{"line":12,"column":50}},"12":{"start":{"line":13,"column":0},"end":{"line":13,"column":53}},"13":{"start":{"line":14,"column":0},"end":{"line":14,"column":57}},"14":{"start":{"line":15,"column":0},"end":{"line":15,"column":10}},"15":{"start":{"line":16,"column":0},"end":{"line":16,"column":36}},"16":{"start":{"line":17,"column":0},"end":{"line":17,"column":31}},"17":{"start":{"line":18,"column":0},"end":{"line":18,"column":3}},"18":{"start":{"line":19,"column":0},"end":{"line":19,"column":1}}},"s":{"0":1,"1":1,"2":1,"3":1,"4":1,"5":1,"6":1,"7":4,"8":1,"9":1,"10":1,"11":1,"12":1,"13":1,"14":1,"15":1,"16":1,"17":1,"18":1},"branchMap":{"0":{"type":"branch","line":7,"loc":{"start":{"line":7,"column":39},"end":{"line":19,"column":1}},"locations":[{"start":{"line":7,"column":39},"end":{"line":19,"column":1}}]},"1":{"type":"branch","line":8,"loc":{"start":{"line":8,"column":16},"end":{"line":8,"column":45}},"locations":[{"start":{"line":8,"column":16},"end":{"line":8,"column":45}}]},"2":{"type":"branch","line":8,"loc":{"start":{"line":8,"column":44},"end":{"line":19,"column":1}},"locations":[{"start":{"line":8,"column":44},"end":{"line":19,"column":1}}]}},"b":{"0":[4],"1":[3],"2":[1]},"fnMap":{"0":{"name":"extractLocalDateAndTime","decl":{"start":{"line":7,"column":39},"end":{"line":19,"column":1}},"loc":{"start":{"line":7,"column":39},"end":{"line":19,"column":1}},"line":7}},"f":{"0":4}}
}
